diffNuisances run on fitDiagnosticsM400.root, at 2021-01-20 17:30:09.866872 with the following options ... {'absolute_values': False, 'show_all_parameters': False, 'format': 'text', 'stol2': 0.5, 'pullDef': '', 'vtol': 0.3, 'stol': 0.1, 'plotfile': '1', 'vtol2': 2.0, 'poi': 'r'}

name                                              b-only fit            s+b fit         rho
CMS_PU_2016                                   ! +0.00, 0.12!     ! +0.00, 0.38!       +0.07
CMS_ak4jet_jer_2016                           ! +0.00, 0.04!     ! +0.00, 0.17!       +0.02
CMS_ak4jet_jesAbsolute                        ! +0.00, 0.06!     ! -0.00, 0.34!       -0.02
CMS_ak4jet_jesAbsolute_2016                   ! +0.00, 0.05!     ! -0.00, 0.28!       -0.00
CMS_ak4jet_jesBBEC1                           ! +0.00, 0.23!     ! +0.00, 0.44!       +0.05
CMS_ak4jet_jesBBEC1_2016                      ! +0.00, 0.13!     ! +0.00, 0.39!       +0.03
CMS_ak4jet_jesEC2                             ! +0.00, 0.21!        +0.00, 0.63       +0.01
CMS_ak4jet_jesEC2_2016                        ! +0.00, 0.14!        +0.00, 0.51       +0.04
CMS_ak4jet_jesFlavorQCD                       ! +0.00, 0.03!     ! -0.00, 0.26!       +0.00
CMS_ak4jet_jesHF                              ! +0.00, 0.18!        -0.00, 0.52       -0.05
CMS_ak4jet_jesHF_2016                         ! +0.00, 0.30!        +0.00, 0.75       +0.01
CMS_ak4jet_jesRelativeBal                     ! +0.00, 0.08!     ! +0.00, 0.29!       +0.06
CMS_ak4jet_jesRelativeSample_2016             ! +0.00, 0.07!     ! +0.00, 0.22!       +0.06
CMS_ak8jet_jer_2016                           ! +0.00, 0.19!     ! +0.00, 0.40!       +0.01
CMS_ak8jet_jesAbsolute                        ! +0.00, 0.41!        -0.00, 0.68       -0.00
CMS_ak8jet_jesAbsolute_2016                   ! +0.00, 0.22!        +0.00, 0.53       +0.04
CMS_ak8jet_jesBBEC1                           ! +0.00, 3.18!        -0.00, 0.84       -0.03
CMS_ak8jet_jesBBEC1_2016                         +0.00, 0.62        -0.00, 0.92       -0.00
CMS_ak8jet_jesEC2                                +0.00, 0.68        +0.00, 0.98       -0.00
CMS_ak8jet_jesEC2_2016                           +0.00, 0.68        +0.00, 0.98       -0.00
CMS_ak8jet_jesFlavorQCD                       ! +0.00, 1.50!        -0.00, 0.68       -0.01
CMS_ak8jet_jesHF                                 +0.00, 0.68        -0.00, 0.98       -0.00
CMS_ak8jet_jesHF_2016                            +0.00, 0.68        -0.00, 0.98       -0.00
CMS_ak8jet_jesRelativeBal                     ! +0.00, 0.39!        -0.00, 0.74       +0.00
CMS_ak8jet_jesRelativeSample_2016             ! +0.00, 0.33!        +0.00, 0.62       +0.01
CMS_ak8jet_jmr_2016                           ! +0.00, 0.23!        +0.00, 0.53       +0.13
CMS_ak8jet_jms_2016                              +0.00, 0.54        -0.00, 0.90       -0.00
CMS_btag_cferr1                               ! +0.00, 0.07!        -0.00, 0.53       -0.05
CMS_btag_cferr2                               ! +0.00, 0.11!        -0.00, 0.73       -0.04
CMS_btag_hf                                   ! +0.00, 0.18!        -0.00, 0.79       -0.08
CMS_btag_hfstats1_2016                        ! +0.00, 0.31!        -0.00, 0.94       -0.05
CMS_btag_hfstats2_2016                           +0.00, 0.64        -0.00, 0.97       -0.02
CMS_btag_lf                                   ! +0.00, 0.09!        +0.00, 0.61       +0.39
CMS_btag_lfstats1_2016                           +0.00, 0.66        +0.00, 0.98       +0.00
CMS_btag_lfstats2_2016                        ! +0.00, 0.34!        -0.00, 0.94       -0.03
CMS_eff_Wtag_2016                             ! +0.00, 0.08!        +0.00, 0.54       +0.07
CMS_eff_e_2016                                ! +0.00, 0.12!        -0.00, 0.90       +0.00
CMS_eff_hww_sngele_trigger_2016                  +0.00, 0.58        -0.00, 0.98       -0.00
CMS_eff_hww_sngmu_trigger_2016                ! +0.00, 0.31!        -0.00, 0.96       -0.00
CMS_eff_m_2016                                ! +0.00, 0.13!        -0.00, 0.96       -0.00
CMS_eff_prefiring_2016                        ! +0.00, 0.26!        +0.00, 0.96       -0.01
CMS_scale_electron_2016                       ! +0.00, 0.34!        +0.00, 0.76       +0.02
CMS_scale_met_2016                               +0.00, 0.68        -0.00, 0.93       -0.00
CMS_scale_muon_2016                           ! +0.00, 0.27!        -0.00, 0.65       -0.03
MultiVnorm2016                                   +0.00, 0.60        -0.00, 0.99       -0.01
QCDscale_Higgs_gg                                +0.00, 0.68        +0.00, 0.99       -0.00
QCDscale_Higgs_qqbar                             +0.00, 0.68        +0.00, 0.99       +0.00
QCDscale_gg_ACCEPT                               +0.00, 0.68        +0.00, 0.99       -0.00
QCDscale_qq_ACCEPT                               +0.00, 0.68        -0.00, 0.99       -0.00
QCDscale_ttbar_ACCEPT                         ! +0.00, 0.02!     ! +0.00, 0.31!       +0.12
UEPS_FSR                                         +0.00, 0.68        -0.00, 0.97       -0.00
UEPS_ISR                                      ! +0.00, 0.39!        -0.00, 0.94       +0.00
dynorm2016                                    ! +0.00, 0.33!        -0.00, 0.96       +0.00
ggWWnorm                                         +0.00, 0.65        -0.00, 0.99       -0.02
lumi_13TeV_2016                               ! +0.00, 0.05!        -0.00, 0.97       -0.01
lumi_13TeV_BBDefl                             ! +0.00, 0.32!        +0.00, 0.99       -0.00
lumi_13TeV_DynBeta                            ! +0.00, 0.40!        -0.00, 0.99       -0.00
lumi_13TeV_Ghosts                             ! +0.00, 0.32!        +0.00, 0.99       -0.00
lumi_13TeV_XYFact                             ! +0.00, 0.11!        -0.00, 0.99       -0.00
mjjshape_2016                                 ! +0.00, 0.04!     ! +0.00, 0.18!       +0.04
pdf_Higgs_gg                                     +0.00, 0.68        +0.00, 0.99       -0.00
pdf_Higgs_qqbar                                  +0.00, 0.68        +0.00, 0.99       -0.00
pdf_gg_ACCEPT                                    +0.00, 0.68        +0.00, 0.99       -0.00
pdf_qq_ACCEPT                                    +0.00, 0.68        +0.00, 0.99       -0.00
pdf_ttbar_ACCEPT                              ! +0.00, 0.14!        +0.00, 0.66       +0.02
prop_bin__BoostedGGF_SB_MEKDTAG_M1500_C0.01_2016_bin25_TT         +0.00, 0.65        +0.00, 0.96       +0.00
prop_bin__BoostedGGF_SB_MEKDTAG_M1500_C0.01_2016_bin27_TT         +0.00, 0.64        +0.00, 0.94       +0.01
prop_bin__BoostedGGF_SB_MEKDTAG_M1500_C0.01_2016_bin33_qqWWqq         +0.00, 0.68        -0.00, 0.99       -0.00
prop_bin__BoostedGGF_SB_MEKDTAG_M1500_C0.01_2016_bin34_TT         +0.00, 0.68        -0.00, 0.99       +0.00
prop_bin__BoostedGGF_SB_MEKDTAG_M1500_C0.01_2016_bin34_Wjets      ! +0.00, 0.39!        -0.00, 0.59       +0.01
prop_bin__BoostedGGF_SB_MEKDTAG_M1500_C0.01_2016_bin37_TT         +0.00, 0.66        +0.00, 0.96       +0.00
prop_bin__BoostedGGF_SB_MEKDTAG_M1500_C0.01_2016_bin38_TT         +0.00, 0.67        -0.00, 0.99       +0.00
prop_bin__BoostedGGF_SB_MEKDTAG_M1500_C0.01_2016_bin38_Wjets      ! +0.00, 0.08!     ! +0.00, 0.12!       +0.01
prop_bin__BoostedGGF_SB_MEKDTAG_M1500_C0.01_2016_bin38_WmHWWlnuqq_M125         +0.00, 0.68        -0.00, 0.99       +0.00
prop_bin__BoostedGGF_SB_MEKDTAG_M1500_C0.01_2016_bin39      ! +0.00, 0.46!        -0.00, 0.72       +0.04
prop_bin__BoostedGGF_SB_UNTAGGED_M1500_C0.01_2016_bin0_DY         +0.00, 0.59        -0.00, 0.98       -0.00
prop_bin__BoostedGGF_SB_UNTAGGED_M1500_C0.01_2016_bin0_QCD      ! +0.00, 0.19!     ! -0.00, 0.39!       -0.04
prop_bin__BoostedGGF_SB_UNTAGGED_M1500_C0.01_2016_bin0_SingleTop         +0.00, 0.68        -0.00, 0.99       -0.00
prop_bin__BoostedGGF_SB_UNTAGGED_M1500_C0.01_2016_bin0_TT         +0.00, 0.68        -0.00, 0.99       -0.00
prop_bin__BoostedGGF_SB_UNTAGGED_M1500_C0.01_2016_bin0_Wjets         +0.00, 0.58        -0.00, 0.98       -0.00
prop_bin__BoostedGGF_SB_UNTAGGED_M1500_C0.01_2016_bin10_TT         +0.00, 0.67        +0.00, 0.99       +0.00
prop_bin__BoostedGGF_SB_UNTAGGED_M1500_C0.01_2016_bin10_Wjets      ! +0.00, 0.40!        +0.00, 0.64       +0.06
prop_bin__BoostedGGF_SB_UNTAGGED_M1500_C0.01_2016_bin10_tW         +0.00, 0.65        +0.00, 0.98       +0.01
prop_bin__BoostedGGF_SB_UNTAGGED_M1500_C0.01_2016_bin11_MultiV         +0.00, 0.68        +0.00, 0.99       +0.00
prop_bin__BoostedGGF_SB_UNTAGGED_M1500_C0.01_2016_bin11_SingleTop         +0.00, 0.68        +0.00, 0.99       +0.00
prop_bin__BoostedGGF_SB_UNTAGGED_M1500_C0.01_2016_bin11_TT         +0.00, 0.67        +0.00, 0.99       +0.00
prop_bin__BoostedGGF_SB_UNTAGGED_M1500_C0.01_2016_bin11_Wjets      ! +0.00, 0.13!     ! +0.00, 0.22!       +0.01
prop_bin__BoostedGGF_SB_UNTAGGED_M1500_C0.01_2016_bin11_WmHWWlnuqq_M125         +0.00, 0.68        +0.00, 0.99       +0.00
prop_bin__BoostedGGF_SB_UNTAGGED_M1500_C0.01_2016_bin11_WpHWWlnuqq_M125         +0.00, 0.68        +0.00, 0.99       +0.00
prop_bin__BoostedGGF_SB_UNTAGGED_M1500_C0.01_2016_bin11_ggWW         +0.00, 0.68        +0.00, 0.99       +0.00
prop_bin__BoostedGGF_SB_UNTAGGED_M1500_C0.01_2016_bin11_qqWWqq         +0.00, 0.68        +0.00, 0.99       +0.00
prop_bin__BoostedGGF_SB_UNTAGGED_M1500_C0.01_2016_bin11_tW         +0.00, 0.65        +0.00, 0.99       +0.00
prop_bin__BoostedGGF_SB_UNTAGGED_M1500_C0.01_2016_bin12      ! +0.00, 0.46!        +0.00, 0.70       +0.02
prop_bin__BoostedGGF_SB_UNTAGGED_M1500_C0.01_2016_bin13      ! +0.00, 0.47!        +0.00, 0.68       +0.05
prop_bin__BoostedGGF_SB_UNTAGGED_M1500_C0.01_2016_bin14_TT         +0.00, 0.67        +0.00, 0.99       +0.00
prop_bin__BoostedGGF_SB_UNTAGGED_M1500_C0.01_2016_bin14_Wjets      ! +0.00, 0.40!        +0.00, 0.67       +0.03
prop_bin__BoostedGGF_SB_UNTAGGED_M1500_C0.01_2016_bin14_WpHWWlnuqq_M125         +0.00, 0.68        +0.00, 0.99       +0.00
prop_bin__BoostedGGF_SB_UNTAGGED_M1500_C0.01_2016_bin14_ggWW         +0.00, 0.68        +0.00, 0.99       +0.00
prop_bin__BoostedGGF_SB_UNTAGGED_M1500_C0.01_2016_bin14_qqWWqq         +0.00, 0.68        +0.00, 0.99       +0.00
prop_bin__BoostedGGF_SB_UNTAGGED_M1500_C0.01_2016_bin14_tW         +0.00, 0.65        +0.00, 0.98       +0.00
prop_bin__BoostedGGF_SB_UNTAGGED_M1500_C0.01_2016_bin15      ! +0.00, 0.44!        +0.00, 0.69       +0.01
prop_bin__BoostedGGF_SB_UNTAGGED_M1500_C0.01_2016_bin16      ! +0.00, 0.41!        +0.00, 0.65       +0.01
prop_bin__BoostedGGF_SB_UNTAGGED_M1500_C0.01_2016_bin17      ! +0.00, 0.44!        -0.00, 0.73       -0.01
prop_bin__BoostedGGF_SB_UNTAGGED_M1500_C0.01_2016_bin18_MultiV         +0.00, 0.68        +0.00, 0.99       +0.00
prop_bin__BoostedGGF_SB_UNTAGGED_M1500_C0.01_2016_bin18_TT         +0.00, 0.67        +0.00, 0.99       +0.00
prop_bin__BoostedGGF_SB_UNTAGGED_M1500_C0.01_2016_bin18_Wjets      ! +0.00, 0.42!        +0.00, 0.65       +0.01
prop_bin__BoostedGGF_SB_UNTAGGED_M1500_C0.01_2016_bin18_ggWW         +0.00, 0.68        +0.00, 0.99       +0.00
prop_bin__BoostedGGF_SB_UNTAGGED_M1500_C0.01_2016_bin18_qqWWqq         +0.00, 0.68        +0.00, 0.99       +0.00
prop_bin__BoostedGGF_SB_UNTAGGED_M1500_C0.01_2016_bin18_tW         +0.00, 0.67        +0.00, 0.99       +0.00
prop_bin__BoostedGGF_SB_UNTAGGED_M1500_C0.01_2016_bin19         +0.00, 0.53        +0.00, 0.73       +0.04
prop_bin__BoostedGGF_SB_UNTAGGED_M1500_C0.01_2016_bin1_DY         +0.00, 0.59        -0.00, 0.94       -0.00
prop_bin__BoostedGGF_SB_UNTAGGED_M1500_C0.01_2016_bin1_MultiV         +0.00, 0.68        -0.00, 0.99       -0.00
prop_bin__BoostedGGF_SB_UNTAGGED_M1500_C0.01_2016_bin1_QCD         +0.00, 0.65        -0.00, 0.98       -0.00
prop_bin__BoostedGGF_SB_UNTAGGED_M1500_C0.01_2016_bin1_TT         +0.00, 0.67        -0.00, 0.99       -0.00
prop_bin__BoostedGGF_SB_UNTAGGED_M1500_C0.01_2016_bin1_Wjets      ! +0.00, 0.40!        -0.00, 0.65       -0.00
prop_bin__BoostedGGF_SB_UNTAGGED_M1500_C0.01_2016_bin20      ! +0.00, 0.48!        +0.00, 0.75       +0.00
prop_bin__BoostedGGF_SB_UNTAGGED_M1500_C0.01_2016_bin21_DY         +0.00, 0.59        +0.00, 0.92       +0.02
prop_bin__BoostedGGF_SB_UNTAGGED_M1500_C0.01_2016_bin21_MultiV         +0.00, 0.68        +0.00, 0.99       +0.00
prop_bin__BoostedGGF_SB_UNTAGGED_M1500_C0.01_2016_bin21_SingleTop         +0.00, 0.68        +0.00, 0.99       +0.00
prop_bin__BoostedGGF_SB_UNTAGGED_M1500_C0.01_2016_bin21_TT         +0.00, 0.67        +0.00, 0.99       +0.00
prop_bin__BoostedGGF_SB_UNTAGGED_M1500_C0.01_2016_bin21_Wjets      ! +0.00, 0.49!        +0.00, 0.76       +0.05
prop_bin__BoostedGGF_SB_UNTAGGED_M1500_C0.01_2016_bin21_WmHWWlnuqq_M125         +0.00, 0.68        +0.00, 0.99       +0.00
prop_bin__BoostedGGF_SB_UNTAGGED_M1500_C0.01_2016_bin21_ggWW         +0.00, 0.68        +0.00, 0.99       +0.00
prop_bin__BoostedGGF_SB_UNTAGGED_M1500_C0.01_2016_bin21_qqWWqq         +0.00, 0.68        +0.00, 0.99       +0.00
prop_bin__BoostedGGF_SB_UNTAGGED_M1500_C0.01_2016_bin21_tW         +0.00, 0.67        +0.00, 0.99       +0.01
prop_bin__BoostedGGF_SB_UNTAGGED_M1500_C0.01_2016_bin22_MultiV         +0.00, 0.68        +0.00, 0.99       +0.00
prop_bin__BoostedGGF_SB_UNTAGGED_M1500_C0.01_2016_bin22_TT         +0.00, 0.67        +0.00, 0.99       +0.00
prop_bin__BoostedGGF_SB_UNTAGGED_M1500_C0.01_2016_bin22_Wjets      ! +0.00, 0.42!        +0.00, 0.66       +0.01
prop_bin__BoostedGGF_SB_UNTAGGED_M1500_C0.01_2016_bin22_WmHWWlnuqq_M125         +0.00, 0.68        +0.00, 0.99       +0.00
prop_bin__BoostedGGF_SB_UNTAGGED_M1500_C0.01_2016_bin22_WpHWWlnuqq_M125         +0.00, 0.68        +0.00, 0.99       +0.00
prop_bin__BoostedGGF_SB_UNTAGGED_M1500_C0.01_2016_bin22_ggWW         +0.00, 0.68        +0.00, 0.99       +0.00
prop_bin__BoostedGGF_SB_UNTAGGED_M1500_C0.01_2016_bin22_qqWWqq         +0.00, 0.68        +0.00, 0.99       +0.00
prop_bin__BoostedGGF_SB_UNTAGGED_M1500_C0.01_2016_bin23      ! +0.00, 0.48!        +0.00, 0.74       +0.01
prop_bin__BoostedGGF_SB_UNTAGGED_M1500_C0.01_2016_bin24_MultiV         +0.00, 0.68        +0.00, 0.99       +0.00
prop_bin__BoostedGGF_SB_UNTAGGED_M1500_C0.01_2016_bin24_TT         +0.00, 0.67        +0.00, 0.99       +0.00
prop_bin__BoostedGGF_SB_UNTAGGED_M1500_C0.01_2016_bin24_Wjets      ! +0.00, 0.43!        +0.00, 0.66       +0.03
prop_bin__BoostedGGF_SB_UNTAGGED_M1500_C0.01_2016_bin24_WpHWWlnuqq_M125         +0.00, 0.68        +0.00, 0.99       +0.00
prop_bin__BoostedGGF_SB_UNTAGGED_M1500_C0.01_2016_bin24_qqWWqq         +0.00, 0.68        +0.00, 0.99       +0.00
prop_bin__BoostedGGF_SB_UNTAGGED_M1500_C0.01_2016_bin24_tW         +0.00, 0.66        +0.00, 0.99       +0.00
prop_bin__BoostedGGF_SB_UNTAGGED_M1500_C0.01_2016_bin25      ! +0.00, 0.43!        -0.00, 0.67       +0.00
prop_bin__BoostedGGF_SB_UNTAGGED_M1500_C0.01_2016_bin26      ! +0.00, 0.45!        +0.00, 0.68       +0.05
prop_bin__BoostedGGF_SB_UNTAGGED_M1500_C0.01_2016_bin27_MultiV         +0.00, 0.68        +0.00, 0.99       +0.00
prop_bin__BoostedGGF_SB_UNTAGGED_M1500_C0.01_2016_bin27_TT         +0.00, 0.67        +0.00, 0.99       +0.00
prop_bin__BoostedGGF_SB_UNTAGGED_M1500_C0.01_2016_bin27_Wjets      ! +0.00, 0.43!        +0.00, 0.66       +0.05
prop_bin__BoostedGGF_SB_UNTAGGED_M1500_C0.01_2016_bin27_WpHWWlnuqq_M125         +0.00, 0.68        +0.00, 0.99       +0.00
prop_bin__BoostedGGF_SB_UNTAGGED_M1500_C0.01_2016_bin27_qqWWqq         +0.00, 0.68        +0.00, 0.99       +0.00
prop_bin__BoostedGGF_SB_UNTAGGED_M1500_C0.01_2016_bin28_TT         +0.00, 0.66        +0.00, 0.98       +0.01
prop_bin__BoostedGGF_SB_UNTAGGED_M1500_C0.01_2016_bin28_Wjets      ! +0.00, 0.45!        +0.00, 0.69       +0.04
prop_bin__BoostedGGF_SB_UNTAGGED_M1500_C0.01_2016_bin28_WpHWWlnuqq_M125         +0.00, 0.68        +0.00, 0.99       +0.00
prop_bin__BoostedGGF_SB_UNTAGGED_M1500_C0.01_2016_bin28_ggWW         +0.00, 0.68        +0.00, 0.99       +0.00
prop_bin__BoostedGGF_SB_UNTAGGED_M1500_C0.01_2016_bin28_qqWWqq         +0.00, 0.68        +0.00, 0.99       +0.00
prop_bin__BoostedGGF_SB_UNTAGGED_M1500_C0.01_2016_bin29_SingleTop         +0.00, 0.68        -0.00, 0.99       -0.00
prop_bin__BoostedGGF_SB_UNTAGGED_M1500_C0.01_2016_bin29_TT         +0.00, 0.67        -0.00, 0.99       -0.00
prop_bin__BoostedGGF_SB_UNTAGGED_M1500_C0.01_2016_bin29_Wjets      ! +0.00, 0.45!        -0.00, 0.70       -0.01
prop_bin__BoostedGGF_SB_UNTAGGED_M1500_C0.01_2016_bin29_ggWW         +0.00, 0.68        -0.00, 0.99       -0.00
prop_bin__BoostedGGF_SB_UNTAGGED_M1500_C0.01_2016_bin29_qqWWqq         +0.00, 0.68        -0.00, 0.99       -0.00
prop_bin__BoostedGGF_SB_UNTAGGED_M1500_C0.01_2016_bin29_tW         +0.00, 0.63        -0.00, 0.96       -0.00
prop_bin__BoostedGGF_SB_UNTAGGED_M1500_C0.01_2016_bin2_DY      ! +0.00, 0.47!        +0.00, 0.81       +0.01
prop_bin__BoostedGGF_SB_UNTAGGED_M1500_C0.01_2016_bin2_TT         +0.00, 0.68        +0.00, 0.99       +0.00
prop_bin__BoostedGGF_SB_UNTAGGED_M1500_C0.01_2016_bin2_Wjets      ! +0.00, 0.47!        +0.00, 0.81       +0.01
prop_bin__BoostedGGF_SB_UNTAGGED_M1500_C0.01_2016_bin30_MultiV         +0.00, 0.68        +0.00, 0.99       +0.00
prop_bin__BoostedGGF_SB_UNTAGGED_M1500_C0.01_2016_bin30_TT         +0.00, 0.67        +0.00, 0.99       +0.01
prop_bin__BoostedGGF_SB_UNTAGGED_M1500_C0.01_2016_bin30_Wjets      ! +0.00, 0.46!        +0.00, 0.71       +0.05
prop_bin__BoostedGGF_SB_UNTAGGED_M1500_C0.01_2016_bin30_WmHWWlnuqq_M125         +0.00, 0.68        +0.00, 0.99       +0.00
prop_bin__BoostedGGF_SB_UNTAGGED_M1500_C0.01_2016_bin30_WpHWWlnuqq_M125         +0.00, 0.68        +0.00, 0.99       +0.00
prop_bin__BoostedGGF_SB_UNTAGGED_M1500_C0.01_2016_bin30_qqWWqq         +0.00, 0.68        +0.00, 0.99       +0.00
prop_bin__BoostedGGF_SB_UNTAGGED_M1500_C0.01_2016_bin30_tW         +0.00, 0.64        +0.00, 0.97       +0.01
prop_bin__BoostedGGF_SB_UNTAGGED_M1500_C0.01_2016_bin31_MultiV         +0.00, 0.67        +0.00, 0.99       +0.00
prop_bin__BoostedGGF_SB_UNTAGGED_M1500_C0.01_2016_bin31_TT         +0.00, 0.66        +0.00, 0.98       +0.01
prop_bin__BoostedGGF_SB_UNTAGGED_M1500_C0.01_2016_bin31_Wjets      ! +0.00, 0.49!        +0.00, 0.73       +0.03
prop_bin__BoostedGGF_SB_UNTAGGED_M1500_C0.01_2016_bin31_WpHWWlnuqq_M125         +0.00, 0.68        +0.00, 0.99       +0.00
prop_bin__BoostedGGF_SB_UNTAGGED_M1500_C0.01_2016_bin31_ggWW         +0.00, 0.68        +0.00, 0.99       +0.00
prop_bin__BoostedGGF_SB_UNTAGGED_M1500_C0.01_2016_bin31_qqWWqq         +0.00, 0.68        +0.00, 0.99       +0.00
prop_bin__BoostedGGF_SB_UNTAGGED_M1500_C0.01_2016_bin32      ! +0.00, 0.48!        -0.00, 0.72       -0.02
prop_bin__BoostedGGF_SB_UNTAGGED_M1500_C0.01_2016_bin33         +0.00, 0.52        +0.00, 0.78       +0.02
prop_bin__BoostedGGF_SB_UNTAGGED_M1500_C0.01_2016_bin34         +0.00, 0.56        +0.00, 0.83       +0.02
prop_bin__BoostedGGF_SB_UNTAGGED_M1500_C0.01_2016_bin35         +0.00, 0.56        +0.00, 0.83       +0.01
prop_bin__BoostedGGF_SB_UNTAGGED_M1500_C0.01_2016_bin36_MultiV         +0.00, 0.68        +0.00, 0.99       +0.00
prop_bin__BoostedGGF_SB_UNTAGGED_M1500_C0.01_2016_bin36_TT         +0.00, 0.66        +0.00, 0.98       +0.00
prop_bin__BoostedGGF_SB_UNTAGGED_M1500_C0.01_2016_bin36_Wjets         +0.00, 0.52        +0.00, 0.77       +0.02
prop_bin__BoostedGGF_SB_UNTAGGED_M1500_C0.01_2016_bin37_MultiV         +0.00, 0.68        +0.00, 0.99       +0.00
prop_bin__BoostedGGF_SB_UNTAGGED_M1500_C0.01_2016_bin37_TT         +0.00, 0.66        +0.00, 0.98       +0.00
prop_bin__BoostedGGF_SB_UNTAGGED_M1500_C0.01_2016_bin37_Wjets         +0.00, 0.51        +0.00, 0.77       +0.01
prop_bin__BoostedGGF_SB_UNTAGGED_M1500_C0.01_2016_bin37_ggWW         +0.00, 0.68        +0.00, 0.99       +0.00
prop_bin__BoostedGGF_SB_UNTAGGED_M1500_C0.01_2016_bin38         +0.00, 0.57        -0.00, 0.84       -0.00
prop_bin__BoostedGGF_SB_UNTAGGED_M1500_C0.01_2016_bin39      ! +0.00, 0.46!        +0.00, 0.71       +0.07
prop_bin__BoostedGGF_SB_UNTAGGED_M1500_C0.01_2016_bin3_TT         +0.00, 0.66        +0.00, 0.99       +0.00
prop_bin__BoostedGGF_SB_UNTAGGED_M1500_C0.01_2016_bin3_Wjets      ! +0.00, 0.21!     ! +0.00, 0.32!       +0.03
prop_bin__BoostedGGF_SB_UNTAGGED_M1500_C0.01_2016_bin3_qqWWqq         +0.00, 0.68        +0.00, 0.99       +0.00
prop_bin__BoostedGGF_SB_UNTAGGED_M1500_C0.01_2016_bin4_SingleTop         +0.00, 0.68        +0.00, 0.99       +0.00
prop_bin__BoostedGGF_SB_UNTAGGED_M1500_C0.01_2016_bin4_TT         +0.00, 0.66        +0.00, 0.98       +0.00
prop_bin__BoostedGGF_SB_UNTAGGED_M1500_C0.01_2016_bin4_Wjets         +0.00, 0.61        +0.00, 0.91       +0.01
prop_bin__BoostedGGF_SB_UNTAGGED_M1500_C0.01_2016_bin5         +0.00, 0.66        +0.00, 0.97       -0.00
prop_bin__BoostedGGF_SB_UNTAGGED_M1500_C0.01_2016_bin6_DY         +0.00, 0.66        +0.00, 0.96       +0.00
prop_bin__BoostedGGF_SB_UNTAGGED_M1500_C0.01_2016_bin6_TT         +0.00, 0.66        +0.00, 0.97       +0.00
prop_bin__BoostedGGF_SB_UNTAGGED_M1500_C0.01_2016_bin6_qqWWqq         +0.00, 0.68        +0.00, 0.99       +0.00
prop_bin__BoostedGGF_SB_UNTAGGED_M1500_C0.01_2016_bin7_MultiV         +0.00, 0.68        +0.00, 0.99       +0.00
prop_bin__BoostedGGF_SB_UNTAGGED_M1500_C0.01_2016_bin7_TT         +0.00, 0.65        +0.00, 0.98       +0.00
prop_bin__BoostedGGF_SB_UNTAGGED_M1500_C0.01_2016_bin7_Wjets      ! +0.00, 0.36!        +0.00, 0.54       +0.01
prop_bin__BoostedGGF_SB_UNTAGGED_M1500_C0.01_2016_bin7_qqWWqq         +0.00, 0.68        +0.00, 0.99       +0.00
prop_bin__BoostedGGF_SB_UNTAGGED_M1500_C0.01_2016_bin8_MultiV         +0.00, 0.68        +0.00, 0.99       +0.00
prop_bin__BoostedGGF_SB_UNTAGGED_M1500_C0.01_2016_bin8_TT         +0.00, 0.67        +0.00, 0.99       +0.00
prop_bin__BoostedGGF_SB_UNTAGGED_M1500_C0.01_2016_bin8_Wjets      ! +0.00, 0.42!        +0.00, 0.62       +0.01
prop_bin__BoostedGGF_SB_UNTAGGED_M1500_C0.01_2016_bin9_TT         +0.00, 0.67        -0.00, 0.99       -0.00
prop_bin__BoostedGGF_SB_UNTAGGED_M1500_C0.01_2016_bin9_Wjets      ! +0.00, 0.47!        -0.00, 0.73       -0.03
prop_bin__BoostedGGF_SB_UNTAGGED_M1500_C0.01_2016_bin9_ggWW         +0.00, 0.68        -0.00, 0.99       -0.00
prop_bin__BoostedGGF_SR_MEKDTAG_M1500_C0.01_2016_bin0      ! +0.00, 0.42!        +0.00, 0.94       -0.01
prop_bin__BoostedGGF_SR_UNTAGGED_M1500_C0.01_2016_bin0      ! +0.00, 0.41!        -0.00, 0.97       -0.02
prop_bin__BoostedGGF_TOP_MEKDTAG_M1500_C0.01_2016_bin22_TT         +0.00, 0.65        +0.00, 0.95       +0.00
prop_bin__BoostedGGF_TOP_MEKDTAG_M1500_C0.01_2016_bin23_TT         +0.00, 0.65        +0.00, 0.96       -0.00
prop_bin__BoostedGGF_TOP_MEKDTAG_M1500_C0.01_2016_bin24_TT         +0.00, 0.66        +0.00, 0.96       +0.00
prop_bin__BoostedGGF_TOP_MEKDTAG_M1500_C0.01_2016_bin25         +0.00, 0.66        -0.00, 0.97       -0.00
prop_bin__BoostedGGF_TOP_MEKDTAG_M1500_C0.01_2016_bin26         +0.00, 0.65        -0.00, 0.96       -0.00
prop_bin__BoostedGGF_TOP_MEKDTAG_M1500_C0.01_2016_bin27         +0.00, 0.66        -0.00, 0.97       -0.00
prop_bin__BoostedGGF_TOP_MEKDTAG_M1500_C0.01_2016_bin28_TT         +0.00, 0.67        -0.00, 0.99       -0.00
prop_bin__BoostedGGF_TOP_MEKDTAG_M1500_C0.01_2016_bin28_ggWW         +0.00, 0.68        -0.00, 0.99       -0.00
prop_bin__BoostedGGF_TOP_MEKDTAG_M1500_C0.01_2016_bin28_qqWWqq         +0.00, 0.68        -0.00, 0.99       -0.00
prop_bin__BoostedGGF_TOP_MEKDTAG_M1500_C0.01_2016_bin28_tW         +0.00, 0.52        -0.00, 0.77       -0.01
prop_bin__BoostedGGF_TOP_MEKDTAG_M1500_C0.01_2016_bin29         +0.00, 0.65        -0.00, 0.96       -0.00
prop_bin__BoostedGGF_TOP_MEKDTAG_M1500_C0.01_2016_bin30_TT         +0.00, 0.67        +0.00, 0.99       +0.00
prop_bin__BoostedGGF_TOP_MEKDTAG_M1500_C0.01_2016_bin30_tW         +0.00, 0.52        +0.00, 0.77       +0.00
prop_bin__BoostedGGF_TOP_MEKDTAG_M1500_C0.01_2016_bin31_TT         +0.00, 0.66        -0.00, 0.98       -0.00
prop_bin__BoostedGGF_TOP_MEKDTAG_M1500_C0.01_2016_bin31_qqWWqq         +0.00, 0.68        +0.00, 0.99       -0.00
prop_bin__BoostedGGF_TOP_MEKDTAG_M1500_C0.01_2016_bin31_tW         +0.00, 0.55        -0.00, 0.82       -0.00
prop_bin__BoostedGGF_TOP_MEKDTAG_M1500_C0.01_2016_bin32         +0.00, 0.65        +0.00, 0.96       +0.00
prop_bin__BoostedGGF_TOP_MEKDTAG_M1500_C0.01_2016_bin33_TT         +0.00, 0.66        +0.00, 0.98       +0.00
prop_bin__BoostedGGF_TOP_MEKDTAG_M1500_C0.01_2016_bin33_tW         +0.00, 0.59        +0.00, 0.87       +0.00
prop_bin__BoostedGGF_TOP_MEKDTAG_M1500_C0.01_2016_bin34_TT         +0.00, 0.66        -0.00, 0.98       -0.00
prop_bin__BoostedGGF_TOP_MEKDTAG_M1500_C0.01_2016_bin34_Wjets      ! +0.00, 0.45!        -0.00, 0.71       -0.01
prop_bin__BoostedGGF_TOP_MEKDTAG_M1500_C0.01_2016_bin34_ggWW         +0.00, 0.68        -0.00, 0.99       -0.00
prop_bin__BoostedGGF_TOP_MEKDTAG_M1500_C0.01_2016_bin34_tW         +0.00, 0.63        -0.00, 0.96       -0.00
prop_bin__BoostedGGF_TOP_MEKDTAG_M1500_C0.01_2016_bin35_TT         +0.00, 0.67        +0.00, 0.98       +0.00
prop_bin__BoostedGGF_TOP_MEKDTAG_M1500_C0.01_2016_bin35_qqWWqq         +0.00, 0.68        +0.00, 0.99       +0.00
prop_bin__BoostedGGF_TOP_MEKDTAG_M1500_C0.01_2016_bin35_tW         +0.00, 0.59        +0.00, 0.85       +0.00
prop_bin__BoostedGGF_TOP_MEKDTAG_M1500_C0.01_2016_bin36_TT         +0.00, 0.66        -0.00, 0.98       +0.00
prop_bin__BoostedGGF_TOP_MEKDTAG_M1500_C0.01_2016_bin36_Wjets         +0.00, 0.55        -0.00, 0.82       +0.00
prop_bin__BoostedGGF_TOP_MEKDTAG_M1500_C0.01_2016_bin36_ggWW         +0.00, 0.68        -0.00, 0.99       +0.00
prop_bin__BoostedGGF_TOP_MEKDTAG_M1500_C0.01_2016_bin36_qqWWqq         +0.00, 0.68        -0.00, 0.99       +0.00
prop_bin__BoostedGGF_TOP_MEKDTAG_M1500_C0.01_2016_bin37         +0.00, 0.65        +0.00, 0.97       +0.01
prop_bin__BoostedGGF_TOP_MEKDTAG_M1500_C0.01_2016_bin38         +0.00, 0.65        +0.00, 0.96       +0.00
prop_bin__BoostedGGF_TOP_MEKDTAG_M1500_C0.01_2016_bin39         +0.00, 0.53        -0.00, 0.90       -0.01
prop_bin__BoostedGGF_TOP_UNTAGGED_M1500_C0.01_2016_bin0      ! +0.00, 0.49!        -0.00, 0.75       -0.01
prop_bin__BoostedGGF_TOP_UNTAGGED_M1500_C0.01_2016_bin1         +0.00, 0.55        -0.00, 0.82       -0.02
prop_bin__BoostedGGF_TOP_UNTAGGED_M1500_C0.01_2016_bin10         +0.00, 0.55        -0.00, 0.82       +0.00
prop_bin__BoostedGGF_TOP_UNTAGGED_M1500_C0.01_2016_bin11         +0.00, 0.59        -0.00, 0.87       -0.02
prop_bin__BoostedGGF_TOP_UNTAGGED_M1500_C0.01_2016_bin12         +0.00, 0.58        +0.00, 0.86       +0.00
prop_bin__BoostedGGF_TOP_UNTAGGED_M1500_C0.01_2016_bin13         +0.00, 0.57        +0.00, 0.85       -0.00
prop_bin__BoostedGGF_TOP_UNTAGGED_M1500_C0.01_2016_bin14         +0.00, 0.56        +0.00, 0.84       -0.00
prop_bin__BoostedGGF_TOP_UNTAGGED_M1500_C0.01_2016_bin15         +0.00, 0.57        +0.00, 0.86       +0.00
prop_bin__BoostedGGF_TOP_UNTAGGED_M1500_C0.01_2016_bin16         +0.00, 0.57        +0.00, 0.85       -0.00
prop_bin__BoostedGGF_TOP_UNTAGGED_M1500_C0.01_2016_bin17         +0.00, 0.59        +0.00, 0.88       -0.00
prop_bin__BoostedGGF_TOP_UNTAGGED_M1500_C0.01_2016_bin18         +0.00, 0.58        -0.00, 0.86       -0.00
prop_bin__BoostedGGF_TOP_UNTAGGED_M1500_C0.01_2016_bin19         +0.00, 0.57        +0.00, 0.86       +0.00
prop_bin__BoostedGGF_TOP_UNTAGGED_M1500_C0.01_2016_bin2         +0.00, 0.54        -0.00, 0.81       -0.01
prop_bin__BoostedGGF_TOP_UNTAGGED_M1500_C0.01_2016_bin20         +0.00, 0.59        +0.00, 0.87       -0.00
prop_bin__BoostedGGF_TOP_UNTAGGED_M1500_C0.01_2016_bin21         +0.00, 0.59        +0.00, 0.87       +0.01
prop_bin__BoostedGGF_TOP_UNTAGGED_M1500_C0.01_2016_bin22         +0.00, 0.57        +0.00, 0.84       +0.01
prop_bin__BoostedGGF_TOP_UNTAGGED_M1500_C0.01_2016_bin23         +0.00, 0.55        -0.00, 0.82       -0.00
prop_bin__BoostedGGF_TOP_UNTAGGED_M1500_C0.01_2016_bin24         +0.00, 0.57        +0.00, 0.84       +0.01
prop_bin__BoostedGGF_TOP_UNTAGGED_M1500_C0.01_2016_bin25         +0.00, 0.57        +0.00, 0.85       +0.00
prop_bin__BoostedGGF_TOP_UNTAGGED_M1500_C0.01_2016_bin26         +0.00, 0.57        +0.00, 0.84       +0.01
prop_bin__BoostedGGF_TOP_UNTAGGED_M1500_C0.01_2016_bin27         +0.00, 0.56        +0.00, 0.83       +0.00
prop_bin__BoostedGGF_TOP_UNTAGGED_M1500_C0.01_2016_bin28         +0.00, 0.55        +0.00, 0.81       +0.01
prop_bin__BoostedGGF_TOP_UNTAGGED_M1500_C0.01_2016_bin29         +0.00, 0.55        -0.00, 0.83       -0.00
prop_bin__BoostedGGF_TOP_UNTAGGED_M1500_C0.01_2016_bin3         +0.00, 0.52        -0.00, 0.80       -0.01
prop_bin__BoostedGGF_TOP_UNTAGGED_M1500_C0.01_2016_bin30         +0.00, 0.54        -0.00, 0.80       +0.00
prop_bin__BoostedGGF_TOP_UNTAGGED_M1500_C0.01_2016_bin31      ! +0.00, 0.37!        +0.00, 0.57       +0.02
prop_bin__BoostedGGF_TOP_UNTAGGED_M1500_C0.01_2016_bin32         +0.00, 0.57        -0.00, 0.86       -0.01
prop_bin__BoostedGGF_TOP_UNTAGGED_M1500_C0.01_2016_bin33         +0.00, 0.56        +0.00, 0.82       +0.02
prop_bin__BoostedGGF_TOP_UNTAGGED_M1500_C0.01_2016_bin34         +0.00, 0.59        -0.00, 0.86       +0.00
prop_bin__BoostedGGF_TOP_UNTAGGED_M1500_C0.01_2016_bin35         +0.00, 0.52        -0.00, 0.76       +0.00
prop_bin__BoostedGGF_TOP_UNTAGGED_M1500_C0.01_2016_bin36         +0.00, 0.53        -0.00, 0.79       -0.00
prop_bin__BoostedGGF_TOP_UNTAGGED_M1500_C0.01_2016_bin37         +0.00, 0.54        +0.00, 0.79       +0.01
prop_bin__BoostedGGF_TOP_UNTAGGED_M1500_C0.01_2016_bin38         +0.00, 0.57        +0.00, 0.85       +0.01
prop_bin__BoostedGGF_TOP_UNTAGGED_M1500_C0.01_2016_bin39         +0.00, 0.50        +0.00, 0.77       +0.01
prop_bin__BoostedGGF_TOP_UNTAGGED_M1500_C0.01_2016_bin4         +0.00, 0.54        -0.00, 0.81       -0.03
prop_bin__BoostedGGF_TOP_UNTAGGED_M1500_C0.01_2016_bin5         +0.00, 0.54        -0.00, 0.82       -0.01
prop_bin__BoostedGGF_TOP_UNTAGGED_M1500_C0.01_2016_bin6      ! +0.00, 0.49!        -0.00, 0.74       +0.00
prop_bin__BoostedGGF_TOP_UNTAGGED_M1500_C0.01_2016_bin7         +0.00, 0.53        -0.00, 0.79       -0.02
prop_bin__BoostedGGF_TOP_UNTAGGED_M1500_C0.01_2016_bin8         +0.00, 0.55        -0.00, 0.81       -0.01
prop_bin__BoostedGGF_TOP_UNTAGGED_M1500_C0.01_2016_bin9         +0.00, 0.53        -0.00, 0.78       +0.00
prop_bin__BoostedVBF_SB_NoMEKDCut_2016_bin0_TT         +0.00, 0.66        +0.00, 0.96       +0.00
prop_bin__BoostedVBF_SB_NoMEKDCut_2016_bin10_TT         +0.00, 0.65        -0.00, 0.96       -0.00
prop_bin__BoostedVBF_SB_NoMEKDCut_2016_bin11_TT         +0.00, 0.66        +0.00, 0.96       +0.00
prop_bin__BoostedVBF_SB_NoMEKDCut_2016_bin11_ggWW         +0.00, 0.68        +0.00, 0.99       +0.00
prop_bin__BoostedVBF_SB_NoMEKDCut_2016_bin12_TT         +0.00, 0.65        -0.00, 0.96       -0.00
prop_bin__BoostedVBF_SB_NoMEKDCut_2016_bin12_Wjets         +0.00, 0.65        -0.00, 0.96       -0.00
prop_bin__BoostedVBF_SB_NoMEKDCut_2016_bin13_TT         +0.00, 0.66        +0.00, 0.99       +0.00
prop_bin__BoostedVBF_SB_NoMEKDCut_2016_bin13_Wjets      ! +0.00, 0.19!     ! +0.00, 0.29!       +0.02
prop_bin__BoostedVBF_SB_NoMEKDCut_2016_bin14_TT         +0.00, 0.68        +0.00, 0.99       +0.00
prop_bin__BoostedVBF_SB_NoMEKDCut_2016_bin14_qqWWqq         +0.00, 0.68        +0.00, 0.99       +0.00
prop_bin__BoostedVBF_SB_NoMEKDCut_2016_bin15_TT         +0.00, 0.65        -0.00, 0.95       -0.00
prop_bin__BoostedVBF_SB_NoMEKDCut_2016_bin16_TT         +0.00, 0.67        +0.00, 0.98       +0.02
prop_bin__BoostedVBF_SB_NoMEKDCut_2016_bin16_Wjets         +0.00, 0.57        +0.00, 0.84       +0.06
prop_bin__BoostedVBF_SB_NoMEKDCut_2016_bin17_TT         +0.00, 0.66        -0.00, 0.96       +0.00
prop_bin__BoostedVBF_SB_NoMEKDCut_2016_bin18_TT         +0.00, 0.67        +0.00, 0.99       +0.01
prop_bin__BoostedVBF_SB_NoMEKDCut_2016_bin18_Wjets      ! +0.00, 0.42!        +0.00, 0.63       +0.17
prop_bin__BoostedVBF_SB_NoMEKDCut_2016_bin18_ggWW         +0.00, 0.68        +0.00, 0.99       +0.00
prop_bin__BoostedVBF_SB_NoMEKDCut_2016_bin19_TT         +0.00, 0.65        -0.00, 0.96       -0.00
prop_bin__BoostedVBF_SB_NoMEKDCut_2016_bin19_qqWWqq         +0.00, 0.68        -0.00, 0.99       -0.00
prop_bin__BoostedVBF_SB_NoMEKDCut_2016_bin1_TT         +0.00, 0.66        -0.00, 0.97       -0.00
prop_bin__BoostedVBF_SB_NoMEKDCut_2016_bin20_TT         +0.00, 0.67        +0.00, 0.99       +0.01
prop_bin__BoostedVBF_SB_NoMEKDCut_2016_bin20_Wjets      ! +0.00, 0.45!        +0.00, 0.70       +0.11
prop_bin__BoostedVBF_SB_NoMEKDCut_2016_bin21_TT         +0.00, 0.65        +0.00, 0.96       -0.00
prop_bin__BoostedVBF_SB_NoMEKDCut_2016_bin22_TT         +0.00, 0.65        +0.00, 0.95       +0.01
prop_bin__BoostedVBF_SB_NoMEKDCut_2016_bin23_TT         +0.00, 0.67        +0.00, 0.99       +0.01
prop_bin__BoostedVBF_SB_NoMEKDCut_2016_bin23_Wjets         +0.00, 0.53        +0.00, 0.81       +0.05
prop_bin__BoostedVBF_SB_NoMEKDCut_2016_bin24_TT         +0.00, 0.66        -0.00, 0.97       -0.00
prop_bin__BoostedVBF_SB_NoMEKDCut_2016_bin25_MultiV         +0.00, 0.68        +0.00, 0.99       +0.00
prop_bin__BoostedVBF_SB_NoMEKDCut_2016_bin25_TT         +0.00, 0.65        +0.00, 0.96       +0.00
prop_bin__BoostedVBF_SB_NoMEKDCut_2016_bin25_qqWWqq         +0.00, 0.68        +0.00, 0.99       +0.00
prop_bin__BoostedVBF_SB_NoMEKDCut_2016_bin26_TT         +0.00, 0.65        +0.00, 0.95       +0.00
prop_bin__BoostedVBF_SB_NoMEKDCut_2016_bin27_TT         +0.00, 0.65        +0.00, 0.96       +0.00
prop_bin__BoostedVBF_SB_NoMEKDCut_2016_bin27_qqWWqq         +0.00, 0.68        +0.00, 0.99       +0.00
prop_bin__BoostedVBF_SB_NoMEKDCut_2016_bin28_TT         +0.00, 0.65        -0.00, 0.95       +0.00
prop_bin__BoostedVBF_SB_NoMEKDCut_2016_bin28_qqWWqq         +0.00, 0.68        -0.00, 0.99       +0.00
prop_bin__BoostedVBF_SB_NoMEKDCut_2016_bin29_TT         +0.00, 0.66        -0.00, 0.96       -0.00
prop_bin__BoostedVBF_SB_NoMEKDCut_2016_bin2_TT         +0.00, 0.65        -0.00, 0.96       -0.00
prop_bin__BoostedVBF_SB_NoMEKDCut_2016_bin30_TT         +0.00, 0.68        +0.00, 0.99       +0.00
prop_bin__BoostedVBF_SB_NoMEKDCut_2016_bin30_Wjets      ! +0.00, 0.42!        +0.00, 0.63       +0.16
prop_bin__BoostedVBF_SB_NoMEKDCut_2016_bin30_ggWW         +0.00, 0.68        +0.00, 0.99       +0.00
prop_bin__BoostedVBF_SB_NoMEKDCut_2016_bin30_qqWWqq         +0.00, 0.68        +0.00, 0.99       +0.00
prop_bin__BoostedVBF_SB_NoMEKDCut_2016_bin31_TT         +0.00, 0.65        +0.00, 0.96       +0.00
prop_bin__BoostedVBF_SB_NoMEKDCut_2016_bin32_TT         +0.00, 0.65        +0.00, 0.96       +0.00
prop_bin__BoostedVBF_SB_NoMEKDCut_2016_bin33_TT         +0.00, 0.67        +0.00, 0.99       +0.01
prop_bin__BoostedVBF_SB_NoMEKDCut_2016_bin33_Wjets      ! +0.00, 0.44!        +0.00, 0.67       +0.15
prop_bin__BoostedVBF_SB_NoMEKDCut_2016_bin33_qqWWqq         +0.00, 0.68        +0.00, 0.99       +0.00
prop_bin__BoostedVBF_SB_NoMEKDCut_2016_bin34_TT         +0.00, 0.66        +0.00, 0.97       +0.00
prop_bin__BoostedVBF_SB_NoMEKDCut_2016_bin35_TT         +0.00, 0.66        +0.00, 0.96       +0.00
prop_bin__BoostedVBF_SB_NoMEKDCut_2016_bin35_qqWWqq         +0.00, 0.68        +0.00, 0.99       +0.00
prop_bin__BoostedVBF_SB_NoMEKDCut_2016_bin36_TT         +0.00, 0.65        -0.00, 0.95       -0.00
prop_bin__BoostedVBF_SB_NoMEKDCut_2016_bin37_TT         +0.00, 0.66        +0.00, 0.96       +0.00
prop_bin__BoostedVBF_SB_NoMEKDCut_2016_bin37_qqWWqq         +0.00, 0.68        +0.00, 0.99       +0.00
prop_bin__BoostedVBF_SB_NoMEKDCut_2016_bin38_TT         +0.00, 0.66        +0.00, 0.96       +0.00
prop_bin__BoostedVBF_SB_NoMEKDCut_2016_bin38_ggWW         +0.00, 0.68        +0.00, 0.99       +0.00
prop_bin__BoostedVBF_SB_NoMEKDCut_2016_bin38_qqWWqq         +0.00, 0.68        +0.00, 0.99       +0.00
prop_bin__BoostedVBF_SB_NoMEKDCut_2016_bin39_MultiV         +0.00, 0.68        -0.00, 0.99       -0.00
prop_bin__BoostedVBF_SB_NoMEKDCut_2016_bin39_TT         +0.00, 0.66        -0.00, 0.97       -0.00
prop_bin__BoostedVBF_SB_NoMEKDCut_2016_bin39_Wjets         +0.00, 0.52        -0.00, 0.78       -0.00
prop_bin__BoostedVBF_SB_NoMEKDCut_2016_bin39_ggWW         +0.00, 0.68        -0.00, 0.99       -0.00
prop_bin__BoostedVBF_SB_NoMEKDCut_2016_bin39_qqWWqq         +0.00, 0.68        -0.00, 0.99       -0.00
prop_bin__BoostedVBF_SB_NoMEKDCut_2016_bin3_TT         +0.00, 0.66        +0.00, 0.96       +0.00
prop_bin__BoostedVBF_SB_NoMEKDCut_2016_bin3_qqWWqq         +0.00, 0.68        +0.00, 0.99       +0.00
prop_bin__BoostedVBF_SB_NoMEKDCut_2016_bin4_TT         +0.00, 0.66        -0.00, 0.96       -0.00
prop_bin__BoostedVBF_SB_NoMEKDCut_2016_bin4_WmHWWlnuqq_M125         +0.00, 0.68        -0.00, 0.99       -0.00
prop_bin__BoostedVBF_SB_NoMEKDCut_2016_bin4_qqWWqq         +0.00, 0.68        -0.00, 0.99       -0.00
prop_bin__BoostedVBF_SB_NoMEKDCut_2016_bin5_TT         +0.00, 0.66        -0.00, 0.97       -0.00
prop_bin__BoostedVBF_SB_NoMEKDCut_2016_bin6_TT         +0.00, 0.65        +0.00, 0.95       +0.01
prop_bin__BoostedVBF_SB_NoMEKDCut_2016_bin7_TT         +0.00, 0.66        +0.00, 0.99       +0.00
prop_bin__BoostedVBF_SB_NoMEKDCut_2016_bin7_Wjets      ! +0.00, 0.22!     ! +0.00, 0.33!       +0.02
prop_bin__BoostedVBF_SB_NoMEKDCut_2016_bin8_TT         +0.00, 0.65        -0.00, 0.96       -0.01
prop_bin__BoostedVBF_SB_NoMEKDCut_2016_bin9_TT         +0.00, 0.66        -0.00, 0.99       -0.00
prop_bin__BoostedVBF_SB_NoMEKDCut_2016_bin9_Wjets      ! +0.00, 0.23!     ! -0.00, 0.35!       -0.00
prop_bin__BoostedVBF_SR_NoMEKDCut_2016_bin0      ! +0.00, 0.43!        -0.00, 0.95       -0.21
prop_bin__BoostedVBF_TOP_NoMEKDCut_2016_bin0      ! +0.00, 0.46!        +0.00, 0.70       +0.13
prop_bin__BoostedVBF_TOP_NoMEKDCut_2016_bin1         +0.00, 0.61        -0.00, 0.90       -0.01
prop_bin__BoostedVBF_TOP_NoMEKDCut_2016_bin10         +0.00, 0.58        -0.00, 0.86       -0.03
prop_bin__BoostedVBF_TOP_NoMEKDCut_2016_bin11         +0.00, 0.60        -0.00, 0.89       -0.01
prop_bin__BoostedVBF_TOP_NoMEKDCut_2016_bin12         +0.00, 0.54        -0.00, 0.81       -0.01
prop_bin__BoostedVBF_TOP_NoMEKDCut_2016_bin13         +0.00, 0.61        -0.00, 0.90       -0.04
prop_bin__BoostedVBF_TOP_NoMEKDCut_2016_bin14         +0.00, 0.62        -0.00, 0.93       -0.01
prop_bin__BoostedVBF_TOP_NoMEKDCut_2016_bin15         +0.00, 0.58        +0.00, 0.87       +0.01
prop_bin__BoostedVBF_TOP_NoMEKDCut_2016_bin16         +0.00, 0.57        +0.00, 0.86       +0.04
prop_bin__BoostedVBF_TOP_NoMEKDCut_2016_bin17         +0.00, 0.59        +0.00, 0.87       +0.01
prop_bin__BoostedVBF_TOP_NoMEKDCut_2016_bin18         +0.00, 0.58        -0.00, 0.87       -0.01
prop_bin__BoostedVBF_TOP_NoMEKDCut_2016_bin19         +0.00, 0.61        -0.00, 0.91       -0.02
prop_bin__BoostedVBF_TOP_NoMEKDCut_2016_bin2         +0.00, 0.58        -0.00, 0.86       +0.01
prop_bin__BoostedVBF_TOP_NoMEKDCut_2016_bin20         +0.00, 0.57        +0.00, 0.85       +0.01
prop_bin__BoostedVBF_TOP_NoMEKDCut_2016_bin21         +0.00, 0.53        +0.00, 0.79       +0.06
prop_bin__BoostedVBF_TOP_NoMEKDCut_2016_bin22         +0.00, 0.55        +0.00, 0.82       +0.06
prop_bin__BoostedVBF_TOP_NoMEKDCut_2016_bin23         +0.00, 0.58        -0.00, 0.86       -0.03
prop_bin__BoostedVBF_TOP_NoMEKDCut_2016_bin24         +0.00, 0.61        +0.00, 0.90       +0.01
prop_bin__BoostedVBF_TOP_NoMEKDCut_2016_bin25         +0.00, 0.59        +0.00, 0.86       +0.01
prop_bin__BoostedVBF_TOP_NoMEKDCut_2016_bin26         +0.00, 0.60        -0.00, 0.89       -0.02
prop_bin__BoostedVBF_TOP_NoMEKDCut_2016_bin27         +0.00, 0.54        +0.00, 0.79       +0.08
prop_bin__BoostedVBF_TOP_NoMEKDCut_2016_bin28         +0.00, 0.63        -0.00, 0.92       -0.01
prop_bin__BoostedVBF_TOP_NoMEKDCut_2016_bin29         +0.00, 0.55        +0.00, 0.82       +0.04
prop_bin__BoostedVBF_TOP_NoMEKDCut_2016_bin3         +0.00, 0.58        +0.00, 0.86       +0.03
prop_bin__BoostedVBF_TOP_NoMEKDCut_2016_bin30         +0.00, 0.54        +0.00, 0.80       -0.00
prop_bin__BoostedVBF_TOP_NoMEKDCut_2016_bin31         +0.00, 0.56        -0.00, 0.82       -0.03
prop_bin__BoostedVBF_TOP_NoMEKDCut_2016_bin32         +0.00, 0.56        +0.00, 0.83       +0.03
prop_bin__BoostedVBF_TOP_NoMEKDCut_2016_bin33         +0.00, 0.55        -0.00, 0.81       -0.01
prop_bin__BoostedVBF_TOP_NoMEKDCut_2016_bin34         +0.00, 0.65        -0.00, 0.96       -0.01
prop_bin__BoostedVBF_TOP_NoMEKDCut_2016_bin35         +0.00, 0.66        -0.00, 0.96       -0.01
prop_bin__BoostedVBF_TOP_NoMEKDCut_2016_bin36_MultiV         +0.00, 0.68        -0.00, 0.99       -0.00
prop_bin__BoostedVBF_TOP_NoMEKDCut_2016_bin36_TT         +0.00, 0.66        -0.00, 0.98       -0.00
prop_bin__BoostedVBF_TOP_NoMEKDCut_2016_bin36_qqWWqq         +0.00, 0.68        -0.00, 0.99       -0.00
prop_bin__BoostedVBF_TOP_NoMEKDCut_2016_bin36_tW         +0.00, 0.57        -0.00, 0.85       -0.01
prop_bin__BoostedVBF_TOP_NoMEKDCut_2016_bin37         +0.00, 0.65        -0.00, 0.96       -0.01
prop_bin__BoostedVBF_TOP_NoMEKDCut_2016_bin38_SingleTop         +0.00, 0.68        +0.00, 0.99       +0.00
prop_bin__BoostedVBF_TOP_NoMEKDCut_2016_bin38_TT         +0.00, 0.67        +0.00, 0.99       +0.01
prop_bin__BoostedVBF_TOP_NoMEKDCut_2016_bin38_Wjets         +0.00, 0.57        +0.00, 0.87       +0.05
prop_bin__BoostedVBF_TOP_NoMEKDCut_2016_bin38_qqWWqq         +0.00, 0.68        +0.00, 0.99       +0.00
prop_bin__BoostedVBF_TOP_NoMEKDCut_2016_bin38_tW         +0.00, 0.57        +0.00, 0.88       +0.04
prop_bin__BoostedVBF_TOP_NoMEKDCut_2016_bin39      ! +0.00, 0.45!        +0.00, 0.68       +0.14
prop_bin__BoostedVBF_TOP_NoMEKDCut_2016_bin4         +0.00, 0.54        +0.00, 0.80       +0.08
prop_bin__BoostedVBF_TOP_NoMEKDCut_2016_bin5         +0.00, 0.60        -0.00, 0.89       -0.04
prop_bin__BoostedVBF_TOP_NoMEKDCut_2016_bin6         +0.00, 0.63        -0.00, 0.94       -0.03
prop_bin__BoostedVBF_TOP_NoMEKDCut_2016_bin7      ! +0.00, 0.50!        +0.00, 0.75       +0.10
prop_bin__BoostedVBF_TOP_NoMEKDCut_2016_bin8         +0.00, 0.52        +0.00, 0.78       +0.11
prop_bin__BoostedVBF_TOP_NoMEKDCut_2016_bin9         +0.00, 0.56        +0.00, 0.83       +0.03
prop_bin___ResolvedGGF__SB_MEKDTAG_M400_C0.01_2016_bin10      ! +0.00, 0.23!        +0.00, 0.53       +0.24
prop_bin___ResolvedGGF__SB_MEKDTAG_M400_C0.01_2016_bin11      ! +0.00, 0.22!     ! +0.00, 0.45!       +0.21
prop_bin___ResolvedGGF__SB_MEKDTAG_M400_C0.01_2016_bin12      ! +0.00, 0.24!     ! +0.00, 0.48!       +0.20
prop_bin___ResolvedGGF__SB_MEKDTAG_M400_C0.01_2016_bin13      ! +0.00, 0.26!     ! +0.00, 0.42!       +0.18
prop_bin___ResolvedGGF__SB_MEKDTAG_M400_C0.01_2016_bin14      ! +0.00, 0.22!     ! +0.00, 0.42!       +0.09
prop_bin___ResolvedGGF__SB_MEKDTAG_M400_C0.01_2016_bin15      ! +0.00, 0.22!     ! +0.00, 0.39!       +0.11
prop_bin___ResolvedGGF__SB_MEKDTAG_M400_C0.01_2016_bin16      ! +0.00, 0.22!     ! +0.00, 0.38!       +0.13
prop_bin___ResolvedGGF__SB_MEKDTAG_M400_C0.01_2016_bin17      ! +0.00, 0.21!     ! +0.00, 0.37!       +0.12
prop_bin___ResolvedGGF__SB_MEKDTAG_M400_C0.01_2016_bin18      ! +0.00, 0.41!     ! +0.00, 0.39!       +0.10
prop_bin___ResolvedGGF__SB_MEKDTAG_M400_C0.01_2016_bin19      ! +0.00, 0.30!     ! +0.00, 0.38!       +0.08
prop_bin___ResolvedGGF__SB_MEKDTAG_M400_C0.01_2016_bin20      ! +0.00, 0.26!     ! +0.00, 0.43!       +0.10
prop_bin___ResolvedGGF__SB_MEKDTAG_M400_C0.01_2016_bin21      ! +0.00, 0.26!     ! +0.00, 0.44!       +0.11
prop_bin___ResolvedGGF__SB_MEKDTAG_M400_C0.01_2016_bin22      ! +0.00, 0.26!     ! +0.00, 0.48!       +0.06
prop_bin___ResolvedGGF__SB_MEKDTAG_M400_C0.01_2016_bin23      ! +0.00, 0.25!     ! +0.00, 0.41!       +0.04
prop_bin___ResolvedGGF__SB_MEKDTAG_M400_C0.01_2016_bin24      ! +0.00, 0.31!     ! +0.00, 0.49!       +0.04
prop_bin___ResolvedGGF__SB_MEKDTAG_M400_C0.01_2016_bin25      ! +0.00, 0.28!     ! +0.00, 0.45!       +0.06
prop_bin___ResolvedGGF__SB_MEKDTAG_M400_C0.01_2016_bin26      ! +0.00, 0.27!     ! +0.00, 0.43!       +0.05
prop_bin___ResolvedGGF__SB_MEKDTAG_M400_C0.01_2016_bin27      ! +0.00, 0.32!     ! +0.00, 0.50!       +0.03
prop_bin___ResolvedGGF__SB_MEKDTAG_M400_C0.01_2016_bin28      ! +0.00, 0.43!        +0.00, 0.54       +0.06
prop_bin___ResolvedGGF__SB_MEKDTAG_M400_C0.01_2016_bin29      ! +0.00, 0.32!     ! +0.00, 0.49!       +0.06
prop_bin___ResolvedGGF__SB_MEKDTAG_M400_C0.01_2016_bin30      ! +0.00, 0.40!        +0.00, 0.58       +0.02
prop_bin___ResolvedGGF__SB_MEKDTAG_M400_C0.01_2016_bin31      ! +0.00, 0.33!        +0.00, 0.52       +0.03
prop_bin___ResolvedGGF__SB_MEKDTAG_M400_C0.01_2016_bin32      ! +0.00, 0.34!        +0.00, 0.53       +0.04
prop_bin___ResolvedGGF__SB_MEKDTAG_M400_C0.01_2016_bin33      ! +0.00, 0.34!        +0.00, 0.52       +0.01
prop_bin___ResolvedGGF__SB_MEKDTAG_M400_C0.01_2016_bin34_MultiV         +0.00, 0.68        +0.00, 0.99       +0.00
prop_bin___ResolvedGGF__SB_MEKDTAG_M400_C0.01_2016_bin34_SingleTop         +0.00, 1.28        -0.00, 0.99       +0.00
prop_bin___ResolvedGGF__SB_MEKDTAG_M400_C0.01_2016_bin34_TT         +0.00, 0.67        +0.00, 0.99       +0.00
prop_bin___ResolvedGGF__SB_MEKDTAG_M400_C0.01_2016_bin34_Wjets      ! +0.00, 0.30!     ! +0.00, 0.50!       +0.02
prop_bin___ResolvedGGF__SB_MEKDTAG_M400_C0.01_2016_bin34_ggWW         +0.00, 0.68        +0.00, 0.99       +0.00
prop_bin___ResolvedGGF__SB_MEKDTAG_M400_C0.01_2016_bin34_qqWWqq         +0.00, 0.78        +0.00, 0.99       +0.00
prop_bin___ResolvedGGF__SB_MEKDTAG_M400_C0.01_2016_bin35_MultiV         +0.00, 0.67        +0.00, 0.99       -0.00
prop_bin___ResolvedGGF__SB_MEKDTAG_M400_C0.01_2016_bin35_SingleTop         +0.00, 0.68        -0.00, 0.99       +0.00
prop_bin___ResolvedGGF__SB_MEKDTAG_M400_C0.01_2016_bin35_TT         +0.00, 0.67        +0.00, 0.99       +0.00
prop_bin___ResolvedGGF__SB_MEKDTAG_M400_C0.01_2016_bin35_Wjets      ! +0.00, 0.32!        +0.00, 0.53       +0.04
prop_bin___ResolvedGGF__SB_MEKDTAG_M400_C0.01_2016_bin35_qqWWqq         +0.00, 0.68        +0.00, 0.99       +0.00
prop_bin___ResolvedGGF__SB_MEKDTAG_M400_C0.01_2016_bin35_tW         +0.00, 0.77        +0.00, 0.99       +0.00
prop_bin___ResolvedGGF__SB_MEKDTAG_M400_C0.01_2016_bin36      ! +0.00, 0.50!        +0.00, 0.52       +0.01
prop_bin___ResolvedGGF__SB_MEKDTAG_M400_C0.01_2016_bin37_MultiV         +0.00, 0.70        +0.00, 0.99       +0.00
prop_bin___ResolvedGGF__SB_MEKDTAG_M400_C0.01_2016_bin37_TT         +0.00, 0.67        +0.00, 0.99       +0.00
prop_bin___ResolvedGGF__SB_MEKDTAG_M400_C0.01_2016_bin37_Wjets      ! +0.00, 0.31!        +0.00, 0.53       +0.02
prop_bin___ResolvedGGF__SB_MEKDTAG_M400_C0.01_2016_bin37_WmHWWlnuqq_M125         +0.00, 0.68        +0.00, 0.99       +0.00
prop_bin___ResolvedGGF__SB_MEKDTAG_M400_C0.01_2016_bin37_qqWWqq         +0.00, 0.68        +0.00, 0.99       +0.00
prop_bin___ResolvedGGF__SB_MEKDTAG_M400_C0.01_2016_bin38      ! +0.00, 0.39!        +0.00, 0.61       +0.02
prop_bin___ResolvedGGF__SB_MEKDTAG_M400_C0.01_2016_bin39      ! +0.00, 0.32!        +0.00, 0.50       +0.06
prop_bin___ResolvedGGF__SB_MEKDTAG_M400_C0.01_2016_bin4_SingleTop         +0.00, 0.68        +0.00, 0.99       +0.00
prop_bin___ResolvedGGF__SB_MEKDTAG_M400_C0.01_2016_bin4_TT         +0.00, 0.68        +0.00, 0.99       +0.00
prop_bin___ResolvedGGF__SB_MEKDTAG_M400_C0.01_2016_bin4_Wjets      ! +0.00, 0.33!        +0.00, 0.54       +0.02
prop_bin___ResolvedGGF__SB_MEKDTAG_M400_C0.01_2016_bin5      ! +0.00, 0.20!     ! -0.00, 0.42!       +0.00
prop_bin___ResolvedGGF__SB_MEKDTAG_M400_C0.01_2016_bin6      ! +0.00, 0.19!     ! +0.00, 0.39!       +0.05
prop_bin___ResolvedGGF__SB_MEKDTAG_M400_C0.01_2016_bin7      ! +0.00, 0.19!     ! +0.00, 0.40!       +0.09
prop_bin___ResolvedGGF__SB_MEKDTAG_M400_C0.01_2016_bin8      ! +0.00, 0.21!     ! +0.00, 0.44!       +0.16
prop_bin___ResolvedGGF__SB_MEKDTAG_M400_C0.01_2016_bin9      ! +0.00, 0.22!        +0.00, 0.51       +0.23
prop_bin___ResolvedGGF__SB_UNTAGGED_M400_C0.01_2016_bin0      ! +0.00, 0.17!     ! -0.00, 0.44!       -0.09
prop_bin___ResolvedGGF__SB_UNTAGGED_M400_C0.01_2016_bin1      ! +0.00, 0.20!     ! -0.00, 0.48!       -0.17
prop_bin___ResolvedGGF__SB_UNTAGGED_M400_C0.01_2016_bin10      ! +0.00, 0.28!     ! -0.00, 0.48!       -0.06
prop_bin___ResolvedGGF__SB_UNTAGGED_M400_C0.01_2016_bin11      ! +0.00, 0.25!     ! -0.00, 0.46!       -0.01
prop_bin___ResolvedGGF__SB_UNTAGGED_M400_C0.01_2016_bin12      ! +0.00, 0.26!     ! -0.00, 0.46!       -0.04
prop_bin___ResolvedGGF__SB_UNTAGGED_M400_C0.01_2016_bin13      ! +0.00, 0.26!     ! -0.00, 0.46!       -0.02
prop_bin___ResolvedGGF__SB_UNTAGGED_M400_C0.01_2016_bin14      ! +0.00, 0.37!     ! -0.00, 0.46!       -0.05
prop_bin___ResolvedGGF__SB_UNTAGGED_M400_C0.01_2016_bin15      ! +0.00, 0.25!     ! -0.00, 0.50!       -0.03
prop_bin___ResolvedGGF__SB_UNTAGGED_M400_C0.01_2016_bin16      ! +0.00, 0.25!     ! +0.00, 0.48!       +0.01
prop_bin___ResolvedGGF__SB_UNTAGGED_M400_C0.01_2016_bin17      ! +0.00, 0.26!     ! -0.00, 0.47!       -0.04
prop_bin___ResolvedGGF__SB_UNTAGGED_M400_C0.01_2016_bin18      ! +0.00, 0.26!     ! -0.00, 0.47!       -0.04
prop_bin___ResolvedGGF__SB_UNTAGGED_M400_C0.01_2016_bin19      ! +0.00, 0.27!     ! -0.00, 0.47!       -0.01
prop_bin___ResolvedGGF__SB_UNTAGGED_M400_C0.01_2016_bin2      ! +0.00, 0.20!     ! -0.00, 0.46!       -0.12
prop_bin___ResolvedGGF__SB_UNTAGGED_M400_C0.01_2016_bin20      ! +0.00, 0.26!     ! -0.00, 0.46!       -0.02
prop_bin___ResolvedGGF__SB_UNTAGGED_M400_C0.01_2016_bin21      ! +0.00, 0.26!     ! -0.00, 0.47!       -0.02
prop_bin___ResolvedGGF__SB_UNTAGGED_M400_C0.01_2016_bin22      ! +0.00, 0.26!     ! -0.00, 0.46!       -0.05
prop_bin___ResolvedGGF__SB_UNTAGGED_M400_C0.01_2016_bin23      ! +0.00, 0.27!     ! -0.00, 0.47!       -0.03
prop_bin___ResolvedGGF__SB_UNTAGGED_M400_C0.01_2016_bin24      ! +0.00, 0.28!     ! -0.00, 0.47!       -0.02
prop_bin___ResolvedGGF__SB_UNTAGGED_M400_C0.01_2016_bin25      ! +0.00, 0.25!     ! -0.00, 0.43!       -0.04
prop_bin___ResolvedGGF__SB_UNTAGGED_M400_C0.01_2016_bin26      ! +0.00, 0.27!     ! -0.00, 0.46!       -0.05
prop_bin___ResolvedGGF__SB_UNTAGGED_M400_C0.01_2016_bin27      ! +0.00, 0.27!     ! -0.00, 0.44!       -0.03
prop_bin___ResolvedGGF__SB_UNTAGGED_M400_C0.01_2016_bin28      ! +0.00, 0.26!     ! -0.00, 0.44!       -0.05
prop_bin___ResolvedGGF__SB_UNTAGGED_M400_C0.01_2016_bin29      ! +0.00, 0.27!     ! -0.00, 0.45!       -0.02
prop_bin___ResolvedGGF__SB_UNTAGGED_M400_C0.01_2016_bin3      ! +0.00, 0.19!     ! -0.00, 0.45!       -0.10
prop_bin___ResolvedGGF__SB_UNTAGGED_M400_C0.01_2016_bin30      ! +0.00, 0.29!     ! -0.00, 0.49!       -0.07
prop_bin___ResolvedGGF__SB_UNTAGGED_M400_C0.01_2016_bin31      ! +0.00, 0.26!     ! -0.00, 0.44!       -0.02
prop_bin___ResolvedGGF__SB_UNTAGGED_M400_C0.01_2016_bin32      ! +0.00, 0.28!     ! -0.00, 0.45!       -0.03
prop_bin___ResolvedGGF__SB_UNTAGGED_M400_C0.01_2016_bin33      ! +0.00, 0.28!     ! +0.00, 0.46!       +0.00
prop_bin___ResolvedGGF__SB_UNTAGGED_M400_C0.01_2016_bin34      ! +0.00, 0.27!     ! -0.00, 0.44!       -0.03
prop_bin___ResolvedGGF__SB_UNTAGGED_M400_C0.01_2016_bin35      ! +0.00, 0.25!     ! -0.00, 0.39!       -0.00
prop_bin___ResolvedGGF__SB_UNTAGGED_M400_C0.01_2016_bin36      ! +0.00, 0.28!     ! +0.00, 0.48!       +0.02
prop_bin___ResolvedGGF__SB_UNTAGGED_M400_C0.01_2016_bin37      ! +0.00, 0.28!     ! -0.00, 0.45!       -0.03
prop_bin___ResolvedGGF__SB_UNTAGGED_M400_C0.01_2016_bin38      ! +0.00, 0.30!     ! -0.00, 0.49!       -0.02
prop_bin___ResolvedGGF__SB_UNTAGGED_M400_C0.01_2016_bin39      ! +0.00, 0.26!     ! -0.00, 0.45!       -0.11
prop_bin___ResolvedGGF__SB_UNTAGGED_M400_C0.01_2016_bin4      ! +0.00, 0.20!     ! -0.00, 0.46!       -0.07
prop_bin___ResolvedGGF__SB_UNTAGGED_M400_C0.01_2016_bin5      ! +0.00, 0.21!     ! -0.00, 0.45!       -0.08
prop_bin___ResolvedGGF__SB_UNTAGGED_M400_C0.01_2016_bin6      ! +0.00, 0.21!     ! -0.00, 0.42!       -0.03
prop_bin___ResolvedGGF__SB_UNTAGGED_M400_C0.01_2016_bin7      ! +0.00, 0.22!     ! -0.00, 0.40!       -0.06
prop_bin___ResolvedGGF__SB_UNTAGGED_M400_C0.01_2016_bin8      ! +0.00, 0.21!     ! +0.00, 0.41!       +0.04
prop_bin___ResolvedGGF__SB_UNTAGGED_M400_C0.01_2016_bin9      ! +0.00, 0.25!     ! +0.00, 0.44!       +0.02
prop_bin___ResolvedGGF__SR_MEKDTAG_M400_C0.01_2016_bin0      ! +0.00, 0.29!        -0.00, 0.85       -0.33
prop_bin___ResolvedGGF__SR_UNTAGGED_M400_C0.01_2016_bin0      ! +0.00, 0.27!        +0.00, 0.84       +0.22
prop_bin___ResolvedGGF__TOP_MEKDTAG_M400_C0.01_2016_bin10      ! +0.00, 0.48!        +0.00, 0.76       +0.00
prop_bin___ResolvedGGF__TOP_MEKDTAG_M400_C0.01_2016_bin11      ! +0.00, 0.46!        +0.00, 0.72       -0.00
prop_bin___ResolvedGGF__TOP_MEKDTAG_M400_C0.01_2016_bin12      ! +0.00, 0.49!        +0.00, 0.76       +0.01
prop_bin___ResolvedGGF__TOP_MEKDTAG_M400_C0.01_2016_bin13      ! +0.00, 0.47!        +0.00, 0.73       +0.03
prop_bin___ResolvedGGF__TOP_MEKDTAG_M400_C0.01_2016_bin14      ! +0.00, 0.50!        +0.00, 0.75       +0.03
prop_bin___ResolvedGGF__TOP_MEKDTAG_M400_C0.01_2016_bin15      ! +0.00, 0.49!        +0.00, 0.74       +0.01
prop_bin___ResolvedGGF__TOP_MEKDTAG_M400_C0.01_2016_bin16      ! +0.00, 0.50!        +0.00, 0.75       +0.01
prop_bin___ResolvedGGF__TOP_MEKDTAG_M400_C0.01_2016_bin17      ! +0.00, 0.48!        +0.00, 0.73       +0.02
prop_bin___ResolvedGGF__TOP_MEKDTAG_M400_C0.01_2016_bin18      ! +0.00, 0.50!        +0.00, 0.75       -0.00
prop_bin___ResolvedGGF__TOP_MEKDTAG_M400_C0.01_2016_bin19         +0.00, 0.51        +0.00, 0.76       +0.01
prop_bin___ResolvedGGF__TOP_MEKDTAG_M400_C0.01_2016_bin20      ! +0.00, 0.44!        +0.00, 0.67       +0.04
prop_bin___ResolvedGGF__TOP_MEKDTAG_M400_C0.01_2016_bin21      ! +0.00, 0.48!        -0.00, 0.73       -0.00
prop_bin___ResolvedGGF__TOP_MEKDTAG_M400_C0.01_2016_bin22      ! +0.00, 0.46!        +0.00, 0.69       +0.01
prop_bin___ResolvedGGF__TOP_MEKDTAG_M400_C0.01_2016_bin23      ! +0.00, 0.44!        -0.00, 0.66       -0.01
prop_bin___ResolvedGGF__TOP_MEKDTAG_M400_C0.01_2016_bin24      ! +0.00, 0.47!        +0.00, 0.70       +0.01
prop_bin___ResolvedGGF__TOP_MEKDTAG_M400_C0.01_2016_bin25         +0.00, 0.50        +0.00, 0.76       +0.01
prop_bin___ResolvedGGF__TOP_MEKDTAG_M400_C0.01_2016_bin26      ! +0.00, 0.48!        -0.00, 0.72       -0.01
prop_bin___ResolvedGGF__TOP_MEKDTAG_M400_C0.01_2016_bin27      ! +0.00, 0.47!        -0.00, 0.70       -0.01
prop_bin___ResolvedGGF__TOP_MEKDTAG_M400_C0.01_2016_bin28      ! +0.00, 0.44!        -0.00, 0.66       -0.00
prop_bin___ResolvedGGF__TOP_MEKDTAG_M400_C0.01_2016_bin29      ! +0.00, 0.45!        +0.00, 0.68       +0.01
prop_bin___ResolvedGGF__TOP_MEKDTAG_M400_C0.01_2016_bin30      ! +0.00, 0.44!        +0.00, 0.67       +0.02
prop_bin___ResolvedGGF__TOP_MEKDTAG_M400_C0.01_2016_bin31      ! +0.00, 0.47!        -0.00, 0.71       -0.01
prop_bin___ResolvedGGF__TOP_MEKDTAG_M400_C0.01_2016_bin32      ! +0.00, 0.43!        -0.00, 0.64       +0.00
prop_bin___ResolvedGGF__TOP_MEKDTAG_M400_C0.01_2016_bin33      ! +0.00, 0.46!        -0.00, 0.68       -0.00
prop_bin___ResolvedGGF__TOP_MEKDTAG_M400_C0.01_2016_bin34         +0.00, 0.51        +0.00, 0.75       +0.01
prop_bin___ResolvedGGF__TOP_MEKDTAG_M400_C0.01_2016_bin35      ! +0.00, 0.49!        -0.00, 0.74       -0.01
prop_bin___ResolvedGGF__TOP_MEKDTAG_M400_C0.01_2016_bin36      ! +0.00, 0.41!        +0.00, 0.62       +0.03
prop_bin___ResolvedGGF__TOP_MEKDTAG_M400_C0.01_2016_bin37         +0.00, 0.52        -0.00, 0.79       -0.00
prop_bin___ResolvedGGF__TOP_MEKDTAG_M400_C0.01_2016_bin38      ! +0.00, 0.46!        -0.00, 0.69       -0.02
prop_bin___ResolvedGGF__TOP_MEKDTAG_M400_C0.01_2016_bin39      ! +0.00, 0.39!        +0.00, 0.60       +0.01
prop_bin___ResolvedGGF__TOP_MEKDTAG_M400_C0.01_2016_bin3_TT         +0.00, 0.65        +0.00, 0.95       +0.00
prop_bin___ResolvedGGF__TOP_MEKDTAG_M400_C0.01_2016_bin4         +0.00, 0.50        -0.00, 0.76       -0.00
prop_bin___ResolvedGGF__TOP_MEKDTAG_M400_C0.01_2016_bin5         +0.00, 0.50        -0.00, 0.75       -0.02
prop_bin___ResolvedGGF__TOP_MEKDTAG_M400_C0.01_2016_bin6      ! +0.00, 0.49!        -0.00, 0.76       -0.01
prop_bin___ResolvedGGF__TOP_MEKDTAG_M400_C0.01_2016_bin7      ! +0.00, 0.20!     ! -0.00, 0.32!       -0.03
prop_bin___ResolvedGGF__TOP_MEKDTAG_M400_C0.01_2016_bin8      ! +0.00, 0.46!        -0.00, 0.73       -0.01
prop_bin___ResolvedGGF__TOP_MEKDTAG_M400_C0.01_2016_bin9      ! +0.00, 0.47!        -0.00, 0.75       -0.01
prop_bin___ResolvedGGF__TOP_UNTAGGED_M400_C0.01_2016_bin0      ! +0.00, 0.39!        +0.00, 0.68       +0.02
prop_bin___ResolvedGGF__TOP_UNTAGGED_M400_C0.01_2016_bin1      ! +0.00, 0.30!        +0.00, 0.51       +0.02
prop_bin___ResolvedGGF__TOP_UNTAGGED_M400_C0.01_2016_bin10      ! +0.00, 0.46!        -0.00, 0.69       -0.03
prop_bin___ResolvedGGF__TOP_UNTAGGED_M400_C0.01_2016_bin11      ! +0.00, 0.46!        -0.00, 0.70       -0.02
prop_bin___ResolvedGGF__TOP_UNTAGGED_M400_C0.01_2016_bin12      ! +0.00, 0.48!        +0.00, 0.72       +0.00
prop_bin___ResolvedGGF__TOP_UNTAGGED_M400_C0.01_2016_bin13      ! +0.00, 0.47!        -0.00, 0.72       -0.03
prop_bin___ResolvedGGF__TOP_UNTAGGED_M400_C0.01_2016_bin14      ! +0.00, 0.43!        +0.00, 0.66       +0.01
prop_bin___ResolvedGGF__TOP_UNTAGGED_M400_C0.01_2016_bin15      ! +0.00, 0.45!        -0.00, 0.70       -0.02
prop_bin___ResolvedGGF__TOP_UNTAGGED_M400_C0.01_2016_bin16      ! +0.00, 0.40!        -0.00, 0.64       -0.04
prop_bin___ResolvedGGF__TOP_UNTAGGED_M400_C0.01_2016_bin17      ! +0.00, 0.44!        +0.00, 0.68       +0.00
prop_bin___ResolvedGGF__TOP_UNTAGGED_M400_C0.01_2016_bin18      ! +0.00, 0.47!        -0.00, 0.70       -0.03
prop_bin___ResolvedGGF__TOP_UNTAGGED_M400_C0.01_2016_bin19      ! +0.00, 0.44!        +0.00, 0.67       -0.00
prop_bin___ResolvedGGF__TOP_UNTAGGED_M400_C0.01_2016_bin2      ! +0.00, 0.42!        +0.00, 0.71       +0.02
prop_bin___ResolvedGGF__TOP_UNTAGGED_M400_C0.01_2016_bin20      ! +0.00, 0.47!        +0.00, 0.70       -0.00
prop_bin___ResolvedGGF__TOP_UNTAGGED_M400_C0.01_2016_bin21      ! +0.00, 0.42!        +0.00, 0.63       +0.01
prop_bin___ResolvedGGF__TOP_UNTAGGED_M400_C0.01_2016_bin22      ! +0.00, 0.46!        +0.00, 0.69       +0.01
prop_bin___ResolvedGGF__TOP_UNTAGGED_M400_C0.01_2016_bin23      ! +0.00, 0.45!        -0.00, 0.67       -0.01
prop_bin___ResolvedGGF__TOP_UNTAGGED_M400_C0.01_2016_bin24      ! +0.00, 0.46!        -0.00, 0.70       -0.01
prop_bin___ResolvedGGF__TOP_UNTAGGED_M400_C0.01_2016_bin25      ! +0.00, 0.45!        +0.00, 0.67       +0.01
prop_bin___ResolvedGGF__TOP_UNTAGGED_M400_C0.01_2016_bin26      ! +0.00, 0.41!        +0.00, 0.61       +0.01
prop_bin___ResolvedGGF__TOP_UNTAGGED_M400_C0.01_2016_bin27      ! +0.00, 0.40!        -0.00, 0.61       -0.06
prop_bin___ResolvedGGF__TOP_UNTAGGED_M400_C0.01_2016_bin28      ! +0.00, 0.39!        -0.00, 0.61       -0.02
prop_bin___ResolvedGGF__TOP_UNTAGGED_M400_C0.01_2016_bin29      ! +0.00, 0.43!        -0.00, 0.65       -0.01
prop_bin___ResolvedGGF__TOP_UNTAGGED_M400_C0.01_2016_bin3      ! +0.00, 0.34!        -0.00, 0.58       -0.03
prop_bin___ResolvedGGF__TOP_UNTAGGED_M400_C0.01_2016_bin30      ! +0.00, 0.34!        -0.00, 0.55       -0.02
prop_bin___ResolvedGGF__TOP_UNTAGGED_M400_C0.01_2016_bin31      ! +0.00, 0.45!        -0.00, 0.70       -0.03
prop_bin___ResolvedGGF__TOP_UNTAGGED_M400_C0.01_2016_bin32      ! +0.00, 0.41!        +0.00, 0.62       +0.01
prop_bin___ResolvedGGF__TOP_UNTAGGED_M400_C0.01_2016_bin33      ! +0.00, 0.29!     ! -0.00, 0.45!       -0.05
prop_bin___ResolvedGGF__TOP_UNTAGGED_M400_C0.01_2016_bin34      ! +0.00, 0.44!        -0.00, 0.63       +0.00
prop_bin___ResolvedGGF__TOP_UNTAGGED_M400_C0.01_2016_bin35      ! +0.00, 0.43!        +0.00, 0.65       +0.01
prop_bin___ResolvedGGF__TOP_UNTAGGED_M400_C0.01_2016_bin36      ! +0.00, 0.43!        -0.00, 0.65       -0.03
prop_bin___ResolvedGGF__TOP_UNTAGGED_M400_C0.01_2016_bin37      ! +0.00, 0.42!        -0.00, 0.64       -0.04
prop_bin___ResolvedGGF__TOP_UNTAGGED_M400_C0.01_2016_bin38      ! +0.00, 0.38!        +0.00, 0.58       +0.02
prop_bin___ResolvedGGF__TOP_UNTAGGED_M400_C0.01_2016_bin39      ! +0.00, 0.38!        -0.00, 0.59       -0.04
prop_bin___ResolvedGGF__TOP_UNTAGGED_M400_C0.01_2016_bin4      ! +0.00, 0.32!        -0.00, 0.55       -0.02
prop_bin___ResolvedGGF__TOP_UNTAGGED_M400_C0.01_2016_bin5      ! +0.00, 0.47!        -0.00, 0.76       -0.01
prop_bin___ResolvedGGF__TOP_UNTAGGED_M400_C0.01_2016_bin6      ! +0.00, 0.47!        +0.00, 0.76       -0.00
prop_bin___ResolvedGGF__TOP_UNTAGGED_M400_C0.01_2016_bin7      ! +0.00, 0.46!        -0.00, 0.73       -0.01
prop_bin___ResolvedGGF__TOP_UNTAGGED_M400_C0.01_2016_bin8      ! +0.00, 0.49!        -0.00, 0.68       -0.01
prop_bin___ResolvedGGF__TOP_UNTAGGED_M400_C0.01_2016_bin9      ! +0.00, 0.43!        -0.00, 0.66       -0.02
prop_bin___ResolvedVBF__SB_NoMEKDCut_2016_bin0      ! +0.00, 0.15!     ! +0.00, 0.28!       +0.10
prop_bin___ResolvedVBF__SB_NoMEKDCut_2016_bin1      ! +0.00, 0.11!     ! +0.00, 0.30!       +0.09
prop_bin___ResolvedVBF__SB_NoMEKDCut_2016_bin10      ! +0.00, 0.34!        +0.00, 0.57       +0.06
prop_bin___ResolvedVBF__SB_NoMEKDCut_2016_bin11_DY         +0.00, 0.66        +0.00, 0.99       +0.00
prop_bin___ResolvedVBF__SB_NoMEKDCut_2016_bin11_MultiV         +0.00, 0.68        +0.00, 0.99       +0.00
prop_bin___ResolvedVBF__SB_NoMEKDCut_2016_bin11_QCD      ! +0.00, 0.11!     ! +0.00, 0.41!       +0.05
prop_bin___ResolvedVBF__SB_NoMEKDCut_2016_bin11_SingleTop         +0.00, 0.68        +0.00, 0.99       +0.00
prop_bin___ResolvedVBF__SB_NoMEKDCut_2016_bin11_TT         +0.00, 0.68        +0.00, 0.99       +0.00
prop_bin___ResolvedVBF__SB_NoMEKDCut_2016_bin11_Wjets      ! +0.00, 0.43!        +0.00, 0.97       +0.00
prop_bin___ResolvedVBF__SB_NoMEKDCut_2016_bin11_ggWW         +0.00, 0.68        +0.00, 0.99       +0.00
prop_bin___ResolvedVBF__SB_NoMEKDCut_2016_bin11_qqWWqq         +0.00, 0.68        +0.00, 0.99       +0.00
prop_bin___ResolvedVBF__SB_NoMEKDCut_2016_bin11_tW         +0.00, 0.68        +0.00, 0.99       +0.00
prop_bin___ResolvedVBF__SB_NoMEKDCut_2016_bin12      ! +0.00, 0.31!        +0.00, 0.54       +0.09
prop_bin___ResolvedVBF__SB_NoMEKDCut_2016_bin13      ! +0.00, 0.30!     ! +0.00, 0.47!       +0.07
prop_bin___ResolvedVBF__SB_NoMEKDCut_2016_bin14      ! +0.00, 0.30!     ! +0.00, 0.47!       +0.08
prop_bin___ResolvedVBF__SB_NoMEKDCut_2016_bin15      ! +0.00, 0.31!     ! +0.00, 0.49!       +0.06
prop_bin___ResolvedVBF__SB_NoMEKDCut_2016_bin16      ! +0.00, 0.30!        +0.00, 0.51       +0.05
prop_bin___ResolvedVBF__SB_NoMEKDCut_2016_bin17      ! +0.00, 0.29!     ! +0.00, 0.49!       +0.08
prop_bin___ResolvedVBF__SB_NoMEKDCut_2016_bin18      ! +0.00, 0.31!        +0.00, 0.55       +0.05
prop_bin___ResolvedVBF__SB_NoMEKDCut_2016_bin19      ! +0.00, 0.35!        +0.00, 0.56       +0.07
prop_bin___ResolvedVBF__SB_NoMEKDCut_2016_bin2      ! +0.00, 0.27!        +0.00, 0.51       +0.06
prop_bin___ResolvedVBF__SB_NoMEKDCut_2016_bin20      ! +0.00, 0.30!     ! +0.00, 0.47!       +0.02
prop_bin___ResolvedVBF__SB_NoMEKDCut_2016_bin21      ! +0.00, 0.28!     ! +0.00, 0.46!       +0.05
prop_bin___ResolvedVBF__SB_NoMEKDCut_2016_bin22      ! +0.00, 0.30!     ! +0.00, 0.49!       +0.07
prop_bin___ResolvedVBF__SB_NoMEKDCut_2016_bin23      ! +0.00, 0.36!        +0.00, 0.61       +0.00
prop_bin___ResolvedVBF__SB_NoMEKDCut_2016_bin24      ! +0.00, 0.31!        +0.00, 0.52       +0.05
prop_bin___ResolvedVBF__SB_NoMEKDCut_2016_bin25      ! +0.00, 0.36!        +0.00, 0.60       +0.03
prop_bin___ResolvedVBF__SB_NoMEKDCut_2016_bin26_DY         +0.00, 0.69        +0.00, 0.99       +0.00
prop_bin___ResolvedVBF__SB_NoMEKDCut_2016_bin26_SingleTop         +0.00, 0.68        +0.00, 0.99       +0.00
prop_bin___ResolvedVBF__SB_NoMEKDCut_2016_bin26_TT         +0.00, 0.67        -0.00, 0.99       +0.00
prop_bin___ResolvedVBF__SB_NoMEKDCut_2016_bin26_Wjets      ! +0.00, 0.20!     ! -0.00, 0.32!       +0.01
prop_bin___ResolvedVBF__SB_NoMEKDCut_2016_bin26_WpHWWlnuqq_M125         +0.00, 0.69        -0.00, 0.99       +0.00
prop_bin___ResolvedVBF__SB_NoMEKDCut_2016_bin26_qqWWqq         +0.00, 0.68        +0.00, 0.99       +0.00
prop_bin___ResolvedVBF__SB_NoMEKDCut_2016_bin27      ! +0.00, 0.36!        +0.00, 0.57       +0.01
prop_bin___ResolvedVBF__SB_NoMEKDCut_2016_bin28_MultiV         +0.00, 0.68        +0.00, 0.99       +0.00
prop_bin___ResolvedVBF__SB_NoMEKDCut_2016_bin28_QCD         +0.00, 0.68        +0.00, 0.99       +0.00
prop_bin___ResolvedVBF__SB_NoMEKDCut_2016_bin28_SingleTop         +0.00, 0.68        +0.00, 0.99       +0.00
prop_bin___ResolvedVBF__SB_NoMEKDCut_2016_bin28_TT         +0.00, 0.67        +0.00, 0.99       +0.00
prop_bin___ResolvedVBF__SB_NoMEKDCut_2016_bin28_Wjets      ! +0.00, 0.30!     ! +0.00, 0.49!       +0.02
prop_bin___ResolvedVBF__SB_NoMEKDCut_2016_bin28_qqWWqq         +0.00, 0.68        +0.00, 0.99       +0.00
prop_bin___ResolvedVBF__SB_NoMEKDCut_2016_bin28_tW         +0.00, 0.66        +0.00, 0.99       +0.00
prop_bin___ResolvedVBF__SB_NoMEKDCut_2016_bin29_MultiV         +0.00, 0.69        +0.00, 0.99       +0.00
prop_bin___ResolvedVBF__SB_NoMEKDCut_2016_bin29_SingleTop         +0.00, 0.68        +0.00, 0.99       +0.00
prop_bin___ResolvedVBF__SB_NoMEKDCut_2016_bin29_TT         +0.00, 0.67        +0.00, 0.99       +0.00
prop_bin___ResolvedVBF__SB_NoMEKDCut_2016_bin29_Wjets      ! +0.00, 0.22!     ! +0.00, 0.36!       +0.02
prop_bin___ResolvedVBF__SB_NoMEKDCut_2016_bin29_qqWWqq         +0.00, 0.68        +0.00, 0.99       +0.00
prop_bin___ResolvedVBF__SB_NoMEKDCut_2016_bin3      ! +0.00, 0.27!     ! +0.00, 0.47!       +0.07
prop_bin___ResolvedVBF__SB_NoMEKDCut_2016_bin30_MultiV         +0.00, 0.69        +0.00, 0.99       +0.00
prop_bin___ResolvedVBF__SB_NoMEKDCut_2016_bin30_QCD         +0.00, 0.65        +0.00, 0.98       +0.00
prop_bin___ResolvedVBF__SB_NoMEKDCut_2016_bin30_SingleTop         +0.00, 0.68        +0.00, 0.99       +0.00
prop_bin___ResolvedVBF__SB_NoMEKDCut_2016_bin30_TT         +0.00, 0.67        +0.00, 0.99       +0.00
prop_bin___ResolvedVBF__SB_NoMEKDCut_2016_bin30_Wjets      ! +0.00, 0.30!        +0.00, 0.51       +0.03
prop_bin___ResolvedVBF__SB_NoMEKDCut_2016_bin30_qqWWqq         +0.00, 0.68        +0.00, 0.99       +0.00
prop_bin___ResolvedVBF__SB_NoMEKDCut_2016_bin31_MultiV         +0.00, 0.68        +0.00, 0.99       +0.00
prop_bin___ResolvedVBF__SB_NoMEKDCut_2016_bin31_SingleTop         +0.00, 0.68        +0.00, 0.99       +0.00
prop_bin___ResolvedVBF__SB_NoMEKDCut_2016_bin31_TT         +0.00, 0.68        +0.00, 0.99       +0.00
prop_bin___ResolvedVBF__SB_NoMEKDCut_2016_bin31_Wjets      ! +0.00, 0.32!        +0.00, 0.51       +0.04
prop_bin___ResolvedVBF__SB_NoMEKDCut_2016_bin31_ggWW         +0.00, 0.69        +0.00, 0.99       +0.00
prop_bin___ResolvedVBF__SB_NoMEKDCut_2016_bin31_qqWWqq         +0.00, 0.68        +0.00, 0.99       +0.00
prop_bin___ResolvedVBF__SB_NoMEKDCut_2016_bin32_MultiV         +0.00, 0.69        -0.00, 0.99       -0.00
prop_bin___ResolvedVBF__SB_NoMEKDCut_2016_bin32_SingleTop         +0.00, 0.68        +0.00, 0.99       +0.00
prop_bin___ResolvedVBF__SB_NoMEKDCut_2016_bin32_TT         +0.00, 0.67        +0.00, 0.99       +0.00
prop_bin___ResolvedVBF__SB_NoMEKDCut_2016_bin32_Wjets      ! +0.00, 0.22!     ! +0.00, 0.38!       +0.01
prop_bin___ResolvedVBF__SB_NoMEKDCut_2016_bin32_qqWWqq         +0.00, 0.68        +0.00, 0.99       +0.00
prop_bin___ResolvedVBF__SB_NoMEKDCut_2016_bin33      ! +0.00, 0.38!        -0.00, 0.60       -0.00
prop_bin___ResolvedVBF__SB_NoMEKDCut_2016_bin34      ! +0.00, 0.36!        +0.00, 0.56       +0.01
prop_bin___ResolvedVBF__SB_NoMEKDCut_2016_bin35_DY         +0.00, 0.50        +0.00, 0.91       +0.00
prop_bin___ResolvedVBF__SB_NoMEKDCut_2016_bin35_MultiV         +0.00, 0.68        +0.00, 0.99       +0.00
prop_bin___ResolvedVBF__SB_NoMEKDCut_2016_bin35_TT         +0.00, 0.67        +0.00, 0.99       +0.00
prop_bin___ResolvedVBF__SB_NoMEKDCut_2016_bin35_Wjets      ! +0.00, 0.33!        +0.00, 0.62       +0.01
prop_bin___ResolvedVBF__SB_NoMEKDCut_2016_bin35_qqWWqq         +0.00, 0.68        +0.00, 0.99       +0.00
prop_bin___ResolvedVBF__SB_NoMEKDCut_2016_bin36_DY         +0.00, 0.65        +0.00, 0.97       +0.00
prop_bin___ResolvedVBF__SB_NoMEKDCut_2016_bin36_MultiV         +0.00, 0.68        +0.00, 0.99       +0.00
prop_bin___ResolvedVBF__SB_NoMEKDCut_2016_bin36_SingleTop         +0.00, 0.68        +0.00, 0.99       +0.00
prop_bin___ResolvedVBF__SB_NoMEKDCut_2016_bin36_TT         +0.00, 0.68        +0.00, 0.99       +0.00
prop_bin___ResolvedVBF__SB_NoMEKDCut_2016_bin36_Wjets      ! +0.00, 0.42!        +0.00, 0.66       +0.02
prop_bin___ResolvedVBF__SB_NoMEKDCut_2016_bin36_qqWWqq         +0.00, 0.68        +0.00, 0.99       +0.00
prop_bin___ResolvedVBF__SB_NoMEKDCut_2016_bin37_DY         +0.00, 0.62        +0.00, 0.98       +0.00
prop_bin___ResolvedVBF__SB_NoMEKDCut_2016_bin37_MultiV         +0.00, 0.67        +0.00, 0.99       +0.00
prop_bin___ResolvedVBF__SB_NoMEKDCut_2016_bin37_TT         +0.00, 0.68        +0.00, 0.99       +0.00
prop_bin___ResolvedVBF__SB_NoMEKDCut_2016_bin37_Wjets      ! +0.00, 0.27!     ! +0.00, 0.47!       +0.01
prop_bin___ResolvedVBF__SB_NoMEKDCut_2016_bin37_qqWWqq         +0.00, 0.68        +0.00, 0.99       +0.00
prop_bin___ResolvedVBF__SB_NoMEKDCut_2016_bin38_SingleTop         +0.00, 0.69        +0.00, 0.99       +0.00
prop_bin___ResolvedVBF__SB_NoMEKDCut_2016_bin38_TT         +0.00, 0.68        +0.00, 0.99       +0.00
prop_bin___ResolvedVBF__SB_NoMEKDCut_2016_bin38_Wjets      ! +0.00, 0.31!        +0.00, 0.52       +0.00
prop_bin___ResolvedVBF__SB_NoMEKDCut_2016_bin38_qqWWqq         +0.00, 0.68        +0.00, 0.99       +0.00
prop_bin___ResolvedVBF__SB_NoMEKDCut_2016_bin38_tW         +0.00, 0.66        +0.00, 0.99       +0.00
prop_bin___ResolvedVBF__SB_NoMEKDCut_2016_bin39      ! +0.00, 0.31!        +0.00, 0.54       +0.06
prop_bin___ResolvedVBF__SB_NoMEKDCut_2016_bin4      ! +0.00, 0.18!     ! +0.00, 0.36!       +0.08
prop_bin___ResolvedVBF__SB_NoMEKDCut_2016_bin5      ! +0.00, 0.34!        +0.00, 0.57       +0.09
prop_bin___ResolvedVBF__SB_NoMEKDCut_2016_bin6      ! +0.00, 0.31!        +0.00, 0.60       +0.09
prop_bin___ResolvedVBF__SB_NoMEKDCut_2016_bin7      ! +0.00, 0.33!        +0.00, 0.54       +0.09
prop_bin___ResolvedVBF__SB_NoMEKDCut_2016_bin8      ! +0.00, 0.31!        +0.00, 0.52       +0.11
prop_bin___ResolvedVBF__SB_NoMEKDCut_2016_bin9      ! +0.00, 0.13!        +0.00, 0.52       +0.01
prop_bin___ResolvedVBF__SR_NoMEKDCut_2016_bin0      ! +0.00, 0.25!        -0.00, 0.74       -0.34
prop_bin___ResolvedVBF__TOP_NoMEKDCut_2016_bin0      ! +0.00, 0.46!        -0.00, 0.73       -0.00
prop_bin___ResolvedVBF__TOP_NoMEKDCut_2016_bin1      ! +0.00, 0.41!        -0.00, 0.72       -0.01
prop_bin___ResolvedVBF__TOP_NoMEKDCut_2016_bin10         +0.00, 0.53        +0.00, 0.80       +0.01
prop_bin___ResolvedVBF__TOP_NoMEKDCut_2016_bin11         +0.00, 0.51        +0.00, 0.76       +0.00
prop_bin___ResolvedVBF__TOP_NoMEKDCut_2016_bin12      ! +0.00, 0.49!        +0.00, 0.74       +0.02
prop_bin___ResolvedVBF__TOP_NoMEKDCut_2016_bin13         +0.00, 0.52        +0.00, 0.76       +0.01
prop_bin___ResolvedVBF__TOP_NoMEKDCut_2016_bin14         +0.00, 0.51        +0.00, 0.76       +0.01
prop_bin___ResolvedVBF__TOP_NoMEKDCut_2016_bin15         +0.00, 0.52        +0.00, 0.77       +0.01
prop_bin___ResolvedVBF__TOP_NoMEKDCut_2016_bin16         +0.00, 0.51        -0.00, 0.76       +0.00
prop_bin___ResolvedVBF__TOP_NoMEKDCut_2016_bin17         +0.00, 0.50        +0.00, 0.76       +0.01
prop_bin___ResolvedVBF__TOP_NoMEKDCut_2016_bin18      ! +0.00, 0.50!        -0.00, 0.75       -0.00
prop_bin___ResolvedVBF__TOP_NoMEKDCut_2016_bin19         +0.00, 0.50        -0.00, 0.75       +0.01
prop_bin___ResolvedVBF__TOP_NoMEKDCut_2016_bin2         +0.00, 0.53        -0.00, 0.80       -0.00
prop_bin___ResolvedVBF__TOP_NoMEKDCut_2016_bin20      ! +0.00, 0.49!        +0.00, 0.74       +0.01
prop_bin___ResolvedVBF__TOP_NoMEKDCut_2016_bin21      ! +0.00, 0.45!        +0.00, 0.68       +0.05
prop_bin___ResolvedVBF__TOP_NoMEKDCut_2016_bin22      ! +0.00, 0.43!        +0.00, 0.66       +0.03
prop_bin___ResolvedVBF__TOP_NoMEKDCut_2016_bin23      ! +0.00, 0.49!        -0.00, 0.74       +0.00
prop_bin___ResolvedVBF__TOP_NoMEKDCut_2016_bin24         +0.00, 0.55        +0.00, 0.82       +0.01
prop_bin___ResolvedVBF__TOP_NoMEKDCut_2016_bin25      ! +0.00, 0.47!        -0.00, 0.71       -0.01
prop_bin___ResolvedVBF__TOP_NoMEKDCut_2016_bin26      ! +0.00, 0.47!        +0.00, 0.72       +0.02
prop_bin___ResolvedVBF__TOP_NoMEKDCut_2016_bin27      ! +0.00, 0.45!        -0.00, 0.68       -0.01
prop_bin___ResolvedVBF__TOP_NoMEKDCut_2016_bin28      ! +0.00, 0.46!        -0.00, 0.70       -0.02
prop_bin___ResolvedVBF__TOP_NoMEKDCut_2016_bin29      ! +0.00, 0.44!        -0.00, 0.66       -0.00
prop_bin___ResolvedVBF__TOP_NoMEKDCut_2016_bin3         +0.00, 0.53        -0.00, 0.80       -0.01
prop_bin___ResolvedVBF__TOP_NoMEKDCut_2016_bin30      ! +0.00, 0.46!        +0.00, 0.71       +0.01
prop_bin___ResolvedVBF__TOP_NoMEKDCut_2016_bin31         +0.00, 0.52        -0.00, 0.77       -0.01
prop_bin___ResolvedVBF__TOP_NoMEKDCut_2016_bin32      ! +0.00, 0.45!        -0.00, 0.67       +0.00
prop_bin___ResolvedVBF__TOP_NoMEKDCut_2016_bin33_SingleTop         +0.00, 0.68        -0.00, 0.99       -0.00
prop_bin___ResolvedVBF__TOP_NoMEKDCut_2016_bin33_TT         +0.00, 0.66        -0.00, 0.99       -0.00
prop_bin___ResolvedVBF__TOP_NoMEKDCut_2016_bin33_Wjets      ! +0.00, 0.42!        -0.00, 0.65       -0.01
prop_bin___ResolvedVBF__TOP_NoMEKDCut_2016_bin33_qqWWqq         +0.00, 0.68        -0.00, 0.99       -0.00
prop_bin___ResolvedVBF__TOP_NoMEKDCut_2016_bin33_tW         +0.00, 0.68        -0.00, 0.98       -0.00
prop_bin___ResolvedVBF__TOP_NoMEKDCut_2016_bin34      ! +0.00, 0.49!        -0.00, 0.72       -0.01
prop_bin___ResolvedVBF__TOP_NoMEKDCut_2016_bin35         +0.00, 0.54        +0.00, 0.81       +0.01
prop_bin___ResolvedVBF__TOP_NoMEKDCut_2016_bin36_MultiV         +0.00, 0.68        -0.00, 0.99       +0.00
prop_bin___ResolvedVBF__TOP_NoMEKDCut_2016_bin36_SingleTop         +0.00, 0.69        -0.00, 0.99       +0.00
prop_bin___ResolvedVBF__TOP_NoMEKDCut_2016_bin36_TT         +0.00, 0.65        -0.00, 0.98       +0.00
prop_bin___ResolvedVBF__TOP_NoMEKDCut_2016_bin36_Wjets      ! +0.00, 0.39!        -0.00, 0.57       +0.00
prop_bin___ResolvedVBF__TOP_NoMEKDCut_2016_bin36_ggWW         +0.00, 0.68        -0.00, 0.99       +0.00
prop_bin___ResolvedVBF__TOP_NoMEKDCut_2016_bin36_qqWWqq         +0.00, 0.68        -0.00, 0.99       +0.00
prop_bin___ResolvedVBF__TOP_NoMEKDCut_2016_bin37_SingleTop         +0.00, 0.68        -0.00, 0.99       -0.00
prop_bin___ResolvedVBF__TOP_NoMEKDCut_2016_bin37_TT         +0.00, 0.65        -0.00, 0.98       -0.00
prop_bin___ResolvedVBF__TOP_NoMEKDCut_2016_bin37_Wjets      ! +0.00, 0.49!        -0.00, 0.69       -0.00
prop_bin___ResolvedVBF__TOP_NoMEKDCut_2016_bin37_qqWWqq         +0.00, 0.68        -0.00, 0.99       -0.00
prop_bin___ResolvedVBF__TOP_NoMEKDCut_2016_bin38_MultiV         +0.00, 0.68        +0.00, 0.99       -0.00
prop_bin___ResolvedVBF__TOP_NoMEKDCut_2016_bin38_SingleTop         +0.00, 0.68        -0.00, 0.99       -0.00
prop_bin___ResolvedVBF__TOP_NoMEKDCut_2016_bin38_TT         +0.00, 0.66        -0.00, 0.99       -0.00
prop_bin___ResolvedVBF__TOP_NoMEKDCut_2016_bin38_Wjets         +0.00, 0.64        -0.00, 0.91       -0.00
prop_bin___ResolvedVBF__TOP_NoMEKDCut_2016_bin38_qqWWqq         +0.00, 0.69        -0.00, 0.99       -0.00
prop_bin___ResolvedVBF__TOP_NoMEKDCut_2016_bin38_tW         +0.00, 0.55        -0.00, 0.85       -0.00
prop_bin___ResolvedVBF__TOP_NoMEKDCut_2016_bin39_DY         +0.00, 0.62        -0.00, 0.97       -0.00
prop_bin___ResolvedVBF__TOP_NoMEKDCut_2016_bin39_MultiV         +0.00, 0.68        -0.00, 0.99       -0.00
prop_bin___ResolvedVBF__TOP_NoMEKDCut_2016_bin39_QCD         +0.00, 0.69        +0.00, 0.99       +0.00
prop_bin___ResolvedVBF__TOP_NoMEKDCut_2016_bin39_SingleTop         +0.00, 0.68        -0.00, 0.99       -0.00
prop_bin___ResolvedVBF__TOP_NoMEKDCut_2016_bin39_TT         +0.00, 0.66        -0.00, 0.99       -0.00
prop_bin___ResolvedVBF__TOP_NoMEKDCut_2016_bin39_Wjets      ! +0.00, 0.36!        -0.00, 0.61       -0.01
prop_bin___ResolvedVBF__TOP_NoMEKDCut_2016_bin39_ggWW         +0.00, 0.68        -0.00, 0.99       -0.00
prop_bin___ResolvedVBF__TOP_NoMEKDCut_2016_bin39_qqWWqq         +0.00, 0.68        -0.00, 0.99       -0.00
prop_bin___ResolvedVBF__TOP_NoMEKDCut_2016_bin39_tW         +0.00, 0.69        -0.00, 0.99       -0.00
prop_bin___ResolvedVBF__TOP_NoMEKDCut_2016_bin4         +0.00, 0.52        +0.00, 0.80       +0.00
prop_bin___ResolvedVBF__TOP_NoMEKDCut_2016_bin5         +0.00, 0.53        +0.00, 0.80       +0.01
prop_bin___ResolvedVBF__TOP_NoMEKDCut_2016_bin6         +0.00, 0.53        +0.00, 0.80       -0.00
prop_bin___ResolvedVBF__TOP_NoMEKDCut_2016_bin7         +0.00, 0.53        +0.00, 0.80       +0.02
prop_bin___ResolvedVBF__TOP_NoMEKDCut_2016_bin8      ! +0.00, 0.33!        +0.00, 0.53       +0.02
prop_bin___ResolvedVBF__TOP_NoMEKDCut_2016_bin9         +0.00, 0.52        +0.00, 0.78       +0.01
